Sat Jul 08 2017 21:48:39 GMT+0530 (IST): DELETE /users/me/token
Sat Jul 08 2017 21:49:50 GMT+0530 (IST): DELETE /users/me/token
Sat Jul 08 2017 21:50:28 GMT+0530 (IST): DELETE /users/me/token
Sat Jul 08 2017 21:51:58 GMT+0530 (IST): DELETE /users/me/token
Sat Jul 08 2017 21:52:39 GMT+0530 (IST): POST /users
Sat Jul 08 2017 21:52:43 GMT+0530 (IST): POST /users
Sat Jul 08 2017 21:53:10 GMT+0530 (IST): DELETE /users/me/token
Sat Jul 08 2017 21:53:37 GMT+0530 (IST): DELETE /users/me/token
Sat Jul 08 2017 21:54:37 GMT+0530 (IST): POST /users/login
Sat Jul 08 2017 21:55:04 GMT+0530 (IST): DELETE /users/me/token
Sat Jul 08 2017 21:55:49 GMT+0530 (IST): DELETE /users/me/token
Sat Jul 08 2017 21:56:07 GMT+0530 (IST): DELETE /users/me/token
Sat Jul 08 2017 21:56:48 GMT+0530 (IST): POST /users/login
Sat Jul 08 2017 21:57:10 GMT+0530 (IST): POST /users/login
Sat Jul 08 2017 21:58:12 GMT+0530 (IST): DELETE /users/me/token
Sat Jul 08 2017 22:11:46 GMT+0530 (IST): POST /todos
Sat Jul 08 2017 22:11:46 GMT+0530 (IST): POST /todos
Sat Jul 08 2017 22:11:47 GMT+0530 (IST): GET /todos
Sat Jul 08 2017 22:11:47 GMT+0530 (IST): GET /todos/59610b4af2512158d243206e
Sat Jul 08 2017 22:11:47 GMT+0530 (IST): GET /todos/59610b4bf2512158d2432070
Sat Jul 08 2017 22:11:47 GMT+0530 (IST): GET /todos/123abc
Sat Jul 08 2017 22:11:48 GMT+0530 (IST): DELETE /todos/59610b4af2512158d243206f
Sat Jul 08 2017 22:11:48 GMT+0530 (IST): DELETE /todos/59610b4cf2512158d2432071
Sat Jul 08 2017 22:11:48 GMT+0530 (IST): DELETE /todos/123abc
Sat Jul 08 2017 22:11:48 GMT+0530 (IST): PATCH /todos/59610b4af2512158d243206e
Sat Jul 08 2017 22:11:48 GMT+0530 (IST): PATCH /todos/59610b4af2512158d243206e
Sat Jul 08 2017 22:11:49 GMT+0530 (IST): PATCH /todos/59610b4df2512158d2432072
Sat Jul 08 2017 22:11:49 GMT+0530 (IST): PATCH /todos/123abc
Sat Jul 08 2017 22:11:49 GMT+0530 (IST): GET /users/me
Sat Jul 08 2017 22:11:49 GMT+0530 (IST): GET /users/me
Sat Jul 08 2017 22:11:50 GMT+0530 (IST): POST /users
Sat Jul 08 2017 22:11:50 GMT+0530 (IST): POST /users
Sat Jul 08 2017 22:11:50 GMT+0530 (IST): POST /users
Sat Jul 08 2017 22:11:50 GMT+0530 (IST): POST /users/login
Sat Jul 08 2017 22:11:51 GMT+0530 (IST): POST /users/login
Sat Jul 08 2017 22:12:07 GMT+0530 (IST): POST /todos
Sat Jul 08 2017 22:12:07 GMT+0530 (IST): POST /todos
Sat Jul 08 2017 22:12:08 GMT+0530 (IST): GET /todos
Sat Jul 08 2017 22:12:12 GMT+0530 (IST): POST /todos
Sat Jul 08 2017 22:12:12 GMT+0530 (IST): POST /todos
Sat Jul 08 2017 22:12:12 GMT+0530 (IST): GET /todos
Sat Jul 08 2017 22:12:16 GMT+0530 (IST): POST /todos
Sat Jul 08 2017 22:12:17 GMT+0530 (IST): POST /todos
Sat Jul 08 2017 22:12:17 GMT+0530 (IST): GET /todos
Sat Jul 08 2017 22:12:17 GMT+0530 (IST): GET /todos/59610b6838e29858fa6e32a3
Sat Jul 08 2017 22:12:17 GMT+0530 (IST): GET /todos/59610b6938e29858fa6e32a5
Sat Jul 08 2017 22:12:17 GMT+0530 (IST): GET /todos/123abc
Sat Jul 08 2017 22:12:18 GMT+0530 (IST): DELETE /todos/59610b6838e29858fa6e32a4
Sat Jul 08 2017 22:12:18 GMT+0530 (IST): DELETE /todos/59610b6a38e29858fa6e32a6
Sat Jul 08 2017 22:12:18 GMT+0530 (IST): DELETE /todos/123abc
Sat Jul 08 2017 22:12:18 GMT+0530 (IST): PATCH /todos/59610b6838e29858fa6e32a3
Sat Jul 08 2017 22:12:19 GMT+0530 (IST): PATCH /todos/59610b6838e29858fa6e32a3
Sat Jul 08 2017 22:12:19 GMT+0530 (IST): PATCH /todos/59610b6b38e29858fa6e32a7
Sat Jul 08 2017 22:12:19 GMT+0530 (IST): PATCH /todos/123abc
Sat Jul 08 2017 22:12:19 GMT+0530 (IST): GET /users/me
Sat Jul 08 2017 22:12:19 GMT+0530 (IST): GET /users/me
Sat Jul 08 2017 22:12:20 GMT+0530 (IST): POST /users
Sat Jul 08 2017 22:12:20 GMT+0530 (IST): POST /users
Sat Jul 08 2017 22:12:20 GMT+0530 (IST): POST /users
Sat Jul 08 2017 22:12:21 GMT+0530 (IST): POST /users/login
Sat Jul 08 2017 22:12:21 GMT+0530 (IST): POST /users/login
Sat Jul 08 2017 22:13:29 GMT+0530 (IST): POST /todos
Sat Jul 08 2017 22:13:30 GMT+0530 (IST): POST /todos
Sat Jul 08 2017 22:13:30 GMT+0530 (IST): GET /todos
Sat Jul 08 2017 22:13:30 GMT+0530 (IST): GET /todos/59610bb11b6944590cfbfd3d
Sat Jul 08 2017 22:13:30 GMT+0530 (IST): GET /todos/59610bb21b6944590cfbfd3f
Sat Jul 08 2017 22:13:30 GMT+0530 (IST): GET /todos/123abc
Sat Jul 08 2017 22:13:31 GMT+0530 (IST): DELETE /todos/59610bb11b6944590cfbfd3e
Sat Jul 08 2017 22:13:31 GMT+0530 (IST): DELETE /todos/59610bb31b6944590cfbfd40
Sat Jul 08 2017 22:13:31 GMT+0530 (IST): DELETE /todos/123abc
Sat Jul 08 2017 22:13:31 GMT+0530 (IST): PATCH /todos/59610bb11b6944590cfbfd3d
Sat Jul 08 2017 22:13:31 GMT+0530 (IST): PATCH /todos/59610bb11b6944590cfbfd3d
Sat Jul 08 2017 22:13:32 GMT+0530 (IST): PATCH /todos/59610bb41b6944590cfbfd41
Sat Jul 08 2017 22:13:32 GMT+0530 (IST): PATCH /todos/123abc
Sat Jul 08 2017 22:13:32 GMT+0530 (IST): GET /users/me
Sat Jul 08 2017 22:13:32 GMT+0530 (IST): GET /users/me
Sat Jul 08 2017 22:13:33 GMT+0530 (IST): POST /users
Sat Jul 08 2017 22:13:33 GMT+0530 (IST): POST /users
Sat Jul 08 2017 22:13:33 GMT+0530 (IST): POST /users
Sat Jul 08 2017 22:13:33 GMT+0530 (IST): POST /users/login
Sat Jul 08 2017 22:13:34 GMT+0530 (IST): POST /users/login
Sat Jul 08 2017 22:14:53 GMT+0530 (IST): POST /todos
Sat Jul 08 2017 22:14:53 GMT+0530 (IST): POST /todos
Sat Jul 08 2017 22:14:53 GMT+0530 (IST): GET /todos
Sat Jul 08 2017 22:14:53 GMT+0530 (IST): GET /todos/59610c049e12965933510104
Sat Jul 08 2017 22:14:53 GMT+0530 (IST): GET /todos/59610c059e12965933510106
Sat Jul 08 2017 22:14:54 GMT+0530 (IST): GET /todos/123abc
Sat Jul 08 2017 22:14:54 GMT+0530 (IST): DELETE /todos/59610c049e12965933510105
Sat Jul 08 2017 22:14:54 GMT+0530 (IST): DELETE /todos/59610c069e12965933510107
Sat Jul 08 2017 22:14:54 GMT+0530 (IST): DELETE /todos/123abc
Sat Jul 08 2017 22:14:55 GMT+0530 (IST): PATCH /todos/59610c049e12965933510104
Sat Jul 08 2017 22:14:55 GMT+0530 (IST): PATCH /todos/59610c049e12965933510104
Sat Jul 08 2017 22:14:55 GMT+0530 (IST): PATCH /todos/59610c079e12965933510108
Sat Jul 08 2017 22:14:55 GMT+0530 (IST): PATCH /todos/123abc
Sat Jul 08 2017 22:14:55 GMT+0530 (IST): GET /users/me
Sat Jul 08 2017 22:14:56 GMT+0530 (IST): GET /users/me
Sat Jul 08 2017 22:14:56 GMT+0530 (IST): POST /users
Sat Jul 08 2017 22:14:56 GMT+0530 (IST): POST /users
Sat Jul 08 2017 22:14:56 GMT+0530 (IST): POST /users
Sat Jul 08 2017 22:14:57 GMT+0530 (IST): POST /users/login
Sat Jul 08 2017 22:14:57 GMT+0530 (IST): POST /users/login
Sat Jul 08 2017 22:15:18 GMT+0530 (IST): POST /todos
Sat Jul 08 2017 22:15:18 GMT+0530 (IST): POST /todos
Sat Jul 08 2017 22:15:19 GMT+0530 (IST): GET /todos
Sat Jul 08 2017 22:15:19 GMT+0530 (IST): GET /todos/59610c1e0d0f6f593f57ab94
Sat Jul 08 2017 22:15:19 GMT+0530 (IST): GET /todos/59610c1f0d0f6f593f57ab96
Sat Jul 08 2017 22:15:19 GMT+0530 (IST): GET /todos/123abc
Sat Jul 08 2017 22:15:20 GMT+0530 (IST): DELETE /todos/59610c1e0d0f6f593f57ab95
Sat Jul 08 2017 22:15:20 GMT+0530 (IST): DELETE /todos/59610c200d0f6f593f57ab97
Sat Jul 08 2017 22:15:20 GMT+0530 (IST): DELETE /todos/123abc
Sat Jul 08 2017 22:15:20 GMT+0530 (IST): PATCH /todos/59610c1e0d0f6f593f57ab94
Sat Jul 08 2017 22:15:20 GMT+0530 (IST): PATCH /todos/59610c1e0d0f6f593f57ab94
Sat Jul 08 2017 22:15:21 GMT+0530 (IST): PATCH /todos/59610c210d0f6f593f57ab98
Sat Jul 08 2017 22:15:21 GMT+0530 (IST): PATCH /todos/123abc
Sat Jul 08 2017 22:15:21 GMT+0530 (IST): GET /users/me
Sat Jul 08 2017 22:15:21 GMT+0530 (IST): GET /users/me
Sat Jul 08 2017 22:15:22 GMT+0530 (IST): POST /users
Sat Jul 08 2017 22:15:22 GMT+0530 (IST): POST /users
Sat Jul 08 2017 22:15:22 GMT+0530 (IST): POST /users
Sat Jul 08 2017 22:15:22 GMT+0530 (IST): POST /users/login
Sat Jul 08 2017 22:15:23 GMT+0530 (IST): POST /users/login
Sat Jul 08 2017 22:15:57 GMT+0530 (IST): POST /todos
Sat Jul 08 2017 22:15:58 GMT+0530 (IST): POST /todos
Sat Jul 08 2017 22:15:58 GMT+0530 (IST): GET /todos
Sat Jul 08 2017 22:15:58 GMT+0530 (IST): GET /todos/59610c454db3a55958c9de28
Sat Jul 08 2017 22:15:58 GMT+0530 (IST): GET /todos/59610c464db3a55958c9de2a
Sat Jul 08 2017 22:15:59 GMT+0530 (IST): GET /todos/123abc
Sat Jul 08 2017 22:15:59 GMT+0530 (IST): DELETE /todos/59610c454db3a55958c9de29
Sat Jul 08 2017 22:15:59 GMT+0530 (IST): DELETE /todos/59610c474db3a55958c9de2b
Sat Jul 08 2017 22:15:59 GMT+0530 (IST): DELETE /todos/123abc
Sat Jul 08 2017 22:15:59 GMT+0530 (IST): PATCH /todos/59610c454db3a55958c9de28
Sat Jul 08 2017 22:16:00 GMT+0530 (IST): PATCH /todos/59610c454db3a55958c9de28
Sat Jul 08 2017 22:16:00 GMT+0530 (IST): PATCH /todos/59610c484db3a55958c9de2c
Sat Jul 08 2017 22:16:00 GMT+0530 (IST): PATCH /todos/123abc
Sat Jul 08 2017 22:16:00 GMT+0530 (IST): GET /users/me
Sat Jul 08 2017 22:16:00 GMT+0530 (IST): GET /users/me
Sat Jul 08 2017 22:16:01 GMT+0530 (IST): POST /users
Sat Jul 08 2017 22:16:01 GMT+0530 (IST): POST /users
Sat Jul 08 2017 22:16:01 GMT+0530 (IST): POST /users
Sat Jul 08 2017 22:16:02 GMT+0530 (IST): POST /users/login
Sat Jul 08 2017 22:16:02 GMT+0530 (IST): POST /users/login
Sat Jul 08 2017 22:16:57 GMT+0530 (IST): POST /todos
Sat Jul 08 2017 22:16:57 GMT+0530 (IST): POST /todos
Sat Jul 08 2017 22:16:58 GMT+0530 (IST): GET /todos
Sat Jul 08 2017 22:17:02 GMT+0530 (IST): POST /todos
Sat Jul 08 2017 22:17:02 GMT+0530 (IST): POST /todos
Sat Jul 08 2017 22:17:02 GMT+0530 (IST): GET /todos
Sat Jul 08 2017 22:17:19 GMT+0530 (IST): POST /todos
Sat Jul 08 2017 22:17:20 GMT+0530 (IST): POST /todos
Sat Jul 08 2017 22:17:20 GMT+0530 (IST): GET /todos
Sat Jul 08 2017 22:17:23 GMT+0530 (IST): POST /todos
Sat Jul 08 2017 22:17:24 GMT+0530 (IST): POST /todos
Sat Jul 08 2017 22:17:24 GMT+0530 (IST): GET /todos
Sat Jul 08 2017 22:17:27 GMT+0530 (IST): POST /todos
Sat Jul 08 2017 22:17:27 GMT+0530 (IST): POST /todos
Sat Jul 08 2017 22:17:27 GMT+0530 (IST): GET /todos
Sat Jul 08 2017 22:17:45 GMT+0530 (IST): POST /todos
Sat Jul 08 2017 22:17:45 GMT+0530 (IST): POST /todos
Sat Jul 08 2017 22:17:45 GMT+0530 (IST): GET /todos
Sat Jul 08 2017 22:17:46 GMT+0530 (IST): GET /todos/59610cb120ea8559aaf01c74
Sat Jul 08 2017 22:17:46 GMT+0530 (IST): GET /todos/59610cb220ea8559aaf01c76
Sat Jul 08 2017 22:17:46 GMT+0530 (IST): GET /todos/123abc
Sat Jul 08 2017 22:17:46 GMT+0530 (IST): DELETE /todos/59610cb120ea8559aaf01c75
Sat Jul 08 2017 22:17:47 GMT+0530 (IST): DELETE /todos/59610cb320ea8559aaf01c77
Sat Jul 08 2017 22:17:47 GMT+0530 (IST): DELETE /todos/123abc
Sat Jul 08 2017 22:17:47 GMT+0530 (IST): PATCH /todos/59610cb120ea8559aaf01c74
Sat Jul 08 2017 22:17:47 GMT+0530 (IST): PATCH /todos/59610cb120ea8559aaf01c74
Sat Jul 08 2017 22:17:47 GMT+0530 (IST): PATCH /todos/59610cb320ea8559aaf01c78
Sat Jul 08 2017 22:17:48 GMT+0530 (IST): PATCH /todos/123abc
Sat Jul 08 2017 22:17:48 GMT+0530 (IST): GET /users/me
Sat Jul 08 2017 22:17:48 GMT+0530 (IST): GET /users/me
Sat Jul 08 2017 22:17:48 GMT+0530 (IST): POST /users
Sat Jul 08 2017 22:17:49 GMT+0530 (IST): POST /users
Sat Jul 08 2017 22:17:49 GMT+0530 (IST): POST /users
Sat Jul 08 2017 22:17:49 GMT+0530 (IST): POST /users/login
Sat Jul 08 2017 22:17:49 GMT+0530 (IST): POST /users/login
Sat Jul 08 2017 22:19:36 GMT+0530 (IST): POST /todos
Sat Jul 08 2017 22:19:37 GMT+0530 (IST): POST /todos
Sat Jul 08 2017 22:19:37 GMT+0530 (IST): GET /todos
Sat Jul 08 2017 22:19:37 GMT+0530 (IST): GET /todos/59610d2091dd4959d410d892
Sat Jul 08 2017 22:19:37 GMT+0530 (IST): GET /todos/59610d2191dd4959d410d894
Sat Jul 08 2017 22:19:37 GMT+0530 (IST): GET /todos/123abc
Sat Jul 08 2017 22:19:38 GMT+0530 (IST): DELETE /todos/59610d2091dd4959d410d893
Sat Jul 08 2017 22:19:38 GMT+0530 (IST): DELETE /todos/59610d2291dd4959d410d895
Sat Jul 08 2017 22:19:38 GMT+0530 (IST): DELETE /todos/123abc
Sat Jul 08 2017 22:19:38 GMT+0530 (IST): PATCH /todos/59610d2091dd4959d410d892
Sat Jul 08 2017 22:19:38 GMT+0530 (IST): PATCH /todos/59610d2091dd4959d410d892
Sat Jul 08 2017 22:19:39 GMT+0530 (IST): PATCH /todos/59610d2391dd4959d410d896
Sat Jul 08 2017 22:19:39 GMT+0530 (IST): PATCH /todos/123abc
Sat Jul 08 2017 22:19:39 GMT+0530 (IST): GET /users/me
Sat Jul 08 2017 22:19:39 GMT+0530 (IST): GET /users/me
Sat Jul 08 2017 22:19:40 GMT+0530 (IST): POST /users
Sat Jul 08 2017 22:19:40 GMT+0530 (IST): POST /users
Sat Jul 08 2017 22:19:40 GMT+0530 (IST): POST /users
Sat Jul 08 2017 22:19:40 GMT+0530 (IST): POST /users/login
Sat Jul 08 2017 22:19:41 GMT+0530 (IST): POST /users/login
Sat Jul 08 2017 22:19:41 GMT+0530 (IST): DELETE /users/me/token
Sat Jul 08 2017 22:21:34 GMT+0530 (IST): POST /todos
Sat Jul 08 2017 22:21:34 GMT+0530 (IST): POST /todos
Sat Jul 08 2017 22:21:35 GMT+0530 (IST): GET /todos
Sat Jul 08 2017 22:21:35 GMT+0530 (IST): GET /todos/59610d96d9b67c5a0145d455
Sat Jul 08 2017 22:21:35 GMT+0530 (IST): GET /todos/59610d97d9b67c5a0145d457
Sat Jul 08 2017 22:21:35 GMT+0530 (IST): GET /todos/123abc
Sat Jul 08 2017 22:21:36 GMT+0530 (IST): DELETE /todos/59610d96d9b67c5a0145d456
Sat Jul 08 2017 22:21:36 GMT+0530 (IST): DELETE /todos/59610d98d9b67c5a0145d458
Sat Jul 08 2017 22:21:36 GMT+0530 (IST): DELETE /todos/123abc
Sat Jul 08 2017 22:21:36 GMT+0530 (IST): PATCH /todos/59610d96d9b67c5a0145d455
Sat Jul 08 2017 22:21:37 GMT+0530 (IST): PATCH /todos/59610d96d9b67c5a0145d455
Sat Jul 08 2017 22:21:37 GMT+0530 (IST): PATCH /todos/59610d99d9b67c5a0145d459
Sat Jul 08 2017 22:21:37 GMT+0530 (IST): PATCH /todos/123abc
Sat Jul 08 2017 22:21:37 GMT+0530 (IST): GET /users/me
Sat Jul 08 2017 22:21:37 GMT+0530 (IST): GET /users/me
Sat Jul 08 2017 22:21:38 GMT+0530 (IST): POST /users
Sat Jul 08 2017 22:21:38 GMT+0530 (IST): POST /users
Sat Jul 08 2017 22:21:38 GMT+0530 (IST): POST /users
Sat Jul 08 2017 22:21:39 GMT+0530 (IST): POST /users/login
Sat Jul 08 2017 22:21:39 GMT+0530 (IST): POST /users/login
Sat Jul 08 2017 22:22:17 GMT+0530 (IST): POST /todos
Sat Jul 08 2017 22:22:17 GMT+0530 (IST): POST /todos
Sat Jul 08 2017 22:22:17 GMT+0530 (IST): GET /todos
Sat Jul 08 2017 22:22:18 GMT+0530 (IST): GET /todos/59610dc0966f4b5a1aab62c8
Sat Jul 08 2017 22:22:18 GMT+0530 (IST): GET /todos/59610dc2966f4b5a1aab62ca
Sat Jul 08 2017 22:22:18 GMT+0530 (IST): GET /todos/123abc
Sat Jul 08 2017 22:22:18 GMT+0530 (IST): DELETE /todos/59610dc0966f4b5a1aab62c9
Sat Jul 08 2017 22:22:18 GMT+0530 (IST): DELETE /todos/59610dc2966f4b5a1aab62cb
Sat Jul 08 2017 22:22:19 GMT+0530 (IST): DELETE /todos/123abc
Sat Jul 08 2017 22:22:19 GMT+0530 (IST): PATCH /todos/59610dc0966f4b5a1aab62c8
Sat Jul 08 2017 22:22:19 GMT+0530 (IST): PATCH /todos/59610dc0966f4b5a1aab62c8
Sat Jul 08 2017 22:22:19 GMT+0530 (IST): PATCH /todos/59610dc3966f4b5a1aab62cc
Sat Jul 08 2017 22:22:20 GMT+0530 (IST): PATCH /todos/123abc
Sat Jul 08 2017 22:22:20 GMT+0530 (IST): GET /users/me
Sat Jul 08 2017 22:22:20 GMT+0530 (IST): GET /users/me
Sat Jul 08 2017 22:22:20 GMT+0530 (IST): POST /users
Sat Jul 08 2017 22:22:21 GMT+0530 (IST): POST /users
Sat Jul 08 2017 22:22:21 GMT+0530 (IST): POST /users
Sat Jul 08 2017 22:22:21 GMT+0530 (IST): POST /users/login
Sat Jul 08 2017 22:22:21 GMT+0530 (IST): POST /users/login
Sat Jul 08 2017 22:23:51 GMT+0530 (IST): POST /todos
Sat Jul 08 2017 22:23:52 GMT+0530 (IST): POST /todos
Sat Jul 08 2017 22:23:52 GMT+0530 (IST): GET /todos
Sat Jul 08 2017 22:23:52 GMT+0530 (IST): GET /todos/59610e1f797d535a4170b786
Sat Jul 08 2017 22:23:52 GMT+0530 (IST): GET /todos/59610e20797d535a4170b788
Sat Jul 08 2017 22:23:52 GMT+0530 (IST): GET /todos/123abc
Sat Jul 08 2017 22:23:53 GMT+0530 (IST): DELETE /todos/59610e1f797d535a4170b787
Sat Jul 08 2017 22:23:53 GMT+0530 (IST): DELETE /todos/59610e21797d535a4170b789
Sat Jul 08 2017 22:23:53 GMT+0530 (IST): DELETE /todos/123abc
Sat Jul 08 2017 22:23:53 GMT+0530 (IST): PATCH /todos/59610e1f797d535a4170b786
Sat Jul 08 2017 22:23:54 GMT+0530 (IST): PATCH /todos/59610e1f797d535a4170b786
Sat Jul 08 2017 22:23:54 GMT+0530 (IST): PATCH /todos/59610e22797d535a4170b78a
Sat Jul 08 2017 22:23:54 GMT+0530 (IST): PATCH /todos/123abc
Sat Jul 08 2017 22:23:54 GMT+0530 (IST): GET /users/me
Sat Jul 08 2017 22:23:54 GMT+0530 (IST): GET /users/me
Sat Jul 08 2017 22:23:55 GMT+0530 (IST): POST /users
Sat Jul 08 2017 22:23:55 GMT+0530 (IST): POST /users
Sat Jul 08 2017 22:23:55 GMT+0530 (IST): POST /users
Sat Jul 08 2017 22:23:55 GMT+0530 (IST): POST /users/login
Sat Jul 08 2017 22:23:56 GMT+0530 (IST): POST /users/login
Sat Jul 08 2017 22:23:56 GMT+0530 (IST): DELETE /users/me/token
Sat Jul 08 2017 23:02:10 GMT+0530 (IST): POST /users
Sat Jul 08 2017 23:03:00 GMT+0530 (IST): POST /todos
Sat Jul 08 2017 23:04:31 GMT+0530 (IST): POST /todos
Sat Jul 08 2017 23:04:39 GMT+0530 (IST): POST /todos
Sat Jul 08 2017 23:05:37 GMT+0530 (IST): POST /users
Sat Jul 08 2017 23:06:07 GMT+0530 (IST): POST /todos
Sat Jul 08 2017 23:06:15 GMT+0530 (IST): GET /todos
Sat Jul 08 2017 23:07:12 GMT+0530 (IST): GET /todos
Sat Jul 08 2017 23:07:33 GMT+0530 (IST): GET /todos
Sat Jul 08 2017 23:09:46 GMT+0530 (IST): POST /todos
Sat Jul 08 2017 23:09:46 GMT+0530 (IST): POST /todos
Sat Jul 08 2017 23:09:47 GMT+0530 (IST): GET /todos
Sat Jul 08 2017 23:09:47 GMT+0530 (IST): GET /todos/596118e27d3cd45bd6f333ba
Sat Jul 08 2017 23:09:47 GMT+0530 (IST): GET /todos/596118e37d3cd45bd6f333bc
Sat Jul 08 2017 23:09:47 GMT+0530 (IST): GET /todos/123abc
Sat Jul 08 2017 23:09:48 GMT+0530 (IST): DELETE /todos/596118e27d3cd45bd6f333bb
Sat Jul 08 2017 23:09:48 GMT+0530 (IST): DELETE /todos/596118e47d3cd45bd6f333bd
Sat Jul 08 2017 23:09:48 GMT+0530 (IST): DELETE /todos/123abc
Sat Jul 08 2017 23:09:48 GMT+0530 (IST): PATCH /todos/596118e27d3cd45bd6f333ba
Sat Jul 08 2017 23:09:48 GMT+0530 (IST): PATCH /todos/596118e27d3cd45bd6f333ba
Sat Jul 08 2017 23:09:49 GMT+0530 (IST): PATCH /todos/596118e57d3cd45bd6f333be
Sat Jul 08 2017 23:09:49 GMT+0530 (IST): PATCH /todos/123abc
Sat Jul 08 2017 23:09:49 GMT+0530 (IST): GET /users/me
Sat Jul 08 2017 23:09:49 GMT+0530 (IST): GET /users/me
Sat Jul 08 2017 23:09:50 GMT+0530 (IST): POST /users
Sat Jul 08 2017 23:09:50 GMT+0530 (IST): POST /users
Sat Jul 08 2017 23:09:50 GMT+0530 (IST): POST /users
Sat Jul 08 2017 23:09:50 GMT+0530 (IST): POST /users/login
Sat Jul 08 2017 23:09:51 GMT+0530 (IST): POST /users/login
Sat Jul 08 2017 23:09:51 GMT+0530 (IST): DELETE /users/me/token
Sat Jul 08 2017 23:10:59 GMT+0530 (IST): POST /todos
Sat Jul 08 2017 23:11:00 GMT+0530 (IST): POST /todos
Sat Jul 08 2017 23:11:00 GMT+0530 (IST): GET /todos
Sat Jul 08 2017 23:11:00 GMT+0530 (IST): GET /todos/5961192b7ccf9a5bfc5df6e1
Sat Jul 08 2017 23:11:00 GMT+0530 (IST): GET /todos/5961192c7ccf9a5bfc5df6e3
Sat Jul 08 2017 23:11:01 GMT+0530 (IST): GET /todos/123abc
Sat Jul 08 2017 23:11:01 GMT+0530 (IST): DELETE /todos/5961192b7ccf9a5bfc5df6e2
Sat Jul 08 2017 23:11:01 GMT+0530 (IST): DELETE /todos/5961192d7ccf9a5bfc5df6e4
Sat Jul 08 2017 23:11:01 GMT+0530 (IST): DELETE /todos/123abc
Sat Jul 08 2017 23:11:02 GMT+0530 (IST): PATCH /todos/5961192b7ccf9a5bfc5df6e1
Sat Jul 08 2017 23:11:02 GMT+0530 (IST): PATCH /todos/5961192b7ccf9a5bfc5df6e1
Sat Jul 08 2017 23:11:02 GMT+0530 (IST): PATCH /todos/5961192e7ccf9a5bfc5df6e5
Sat Jul 08 2017 23:11:02 GMT+0530 (IST): PATCH /todos/123abc
Sat Jul 08 2017 23:11:03 GMT+0530 (IST): GET /users/me
Sat Jul 08 2017 23:11:03 GMT+0530 (IST): GET /users/me
Sat Jul 08 2017 23:11:03 GMT+0530 (IST): POST /users
Sat Jul 08 2017 23:11:03 GMT+0530 (IST): POST /users
Sat Jul 08 2017 23:11:04 GMT+0530 (IST): POST /users
Sat Jul 08 2017 23:11:04 GMT+0530 (IST): POST /users/login
Sat Jul 08 2017 23:11:04 GMT+0530 (IST): POST /users/login
Sat Jul 08 2017 23:11:05 GMT+0530 (IST): DELETE /users/me/token
Sat Jul 08 2017 23:12:50 GMT+0530 (IST): POST /todos
Sat Jul 08 2017 23:12:50 GMT+0530 (IST): POST /todos
Sat Jul 08 2017 23:12:50 GMT+0530 (IST): GET /todos
Sat Jul 08 2017 23:12:50 GMT+0530 (IST): GET /todos/59611999ac04e45c1e993a49
Sat Jul 08 2017 23:12:51 GMT+0530 (IST): GET /todos/5961199bac04e45c1e993a4b
Sat Jul 08 2017 23:12:51 GMT+0530 (IST): GET /todos/123abc
Sat Jul 08 2017 23:12:51 GMT+0530 (IST): DELETE /todos/59611999ac04e45c1e993a4a
Sat Jul 08 2017 23:12:51 GMT+0530 (IST): DELETE /todos/5961199bac04e45c1e993a4c
Sat Jul 08 2017 23:12:51 GMT+0530 (IST): DELETE /todos/123abc
Sat Jul 08 2017 23:12:52 GMT+0530 (IST): PATCH /todos/59611999ac04e45c1e993a49
Sat Jul 08 2017 23:12:52 GMT+0530 (IST): PATCH /todos/59611999ac04e45c1e993a49
Sat Jul 08 2017 23:12:52 GMT+0530 (IST): PATCH /todos/5961199cac04e45c1e993a4d
Sat Jul 08 2017 23:12:52 GMT+0530 (IST): PATCH /todos/123abc
Sat Jul 08 2017 23:12:53 GMT+0530 (IST): GET /users/me
Sat Jul 08 2017 23:12:53 GMT+0530 (IST): GET /users/me
Sat Jul 08 2017 23:12:53 GMT+0530 (IST): POST /users
Sat Jul 08 2017 23:12:53 GMT+0530 (IST): POST /users
Sat Jul 08 2017 23:12:54 GMT+0530 (IST): POST /users
Sat Jul 08 2017 23:12:54 GMT+0530 (IST): POST /users/login
Sat Jul 08 2017 23:12:54 GMT+0530 (IST): POST /users/login
Sat Jul 08 2017 23:12:54 GMT+0530 (IST): DELETE /users/me/token
Sat Jul 08 2017 23:13:07 GMT+0530 (IST): POST /todos
Sat Jul 08 2017 23:13:07 GMT+0530 (IST): POST /todos
Sat Jul 08 2017 23:13:08 GMT+0530 (IST): GET /todos
Sat Jul 08 2017 23:13:13 GMT+0530 (IST): POST /todos
Sat Jul 08 2017 23:13:13 GMT+0530 (IST): POST /todos
Sat Jul 08 2017 23:13:14 GMT+0530 (IST): GET /todos
Sat Jul 08 2017 23:13:26 GMT+0530 (IST): POST /todos
Sat Jul 08 2017 23:13:27 GMT+0530 (IST): POST /todos
Sat Jul 08 2017 23:13:27 GMT+0530 (IST): GET /todos
Sat Jul 08 2017 23:13:30 GMT+0530 (IST): POST /todos
Sat Jul 08 2017 23:13:30 GMT+0530 (IST): POST /todos
Sat Jul 08 2017 23:13:31 GMT+0530 (IST): GET /todos
Sat Jul 08 2017 23:13:34 GMT+0530 (IST): POST /todos
Sat Jul 08 2017 23:13:34 GMT+0530 (IST): POST /todos
Sat Jul 08 2017 23:13:34 GMT+0530 (IST): GET /todos
Sat Jul 08 2017 23:13:40 GMT+0530 (IST): POST /todos
Sat Jul 08 2017 23:13:40 GMT+0530 (IST): POST /todos
Sat Jul 08 2017 23:13:40 GMT+0530 (IST): GET /todos
Sat Jul 08 2017 23:15:18 GMT+0530 (IST): GET /todos
Sat Jul 08 2017 23:15:19 GMT+0530 (IST): GET /todos
Sat Jul 08 2017 23:15:23 GMT+0530 (IST): GET /todos
Sat Jul 08 2017 23:15:51 GMT+0530 (IST): POST /todos
Sat Jul 08 2017 23:15:51 GMT+0530 (IST): POST /todos
Sat Jul 08 2017 23:15:51 GMT+0530 (IST): GET /todos
Sat Jul 08 2017 23:16:00 GMT+0530 (IST): POST /todos
Sat Jul 08 2017 23:16:01 GMT+0530 (IST): POST /todos
Sat Jul 08 2017 23:16:01 GMT+0530 (IST): GET /todos
Sat Jul 08 2017 23:16:04 GMT+0530 (IST): POST /todos
Sat Jul 08 2017 23:16:05 GMT+0530 (IST): POST /todos
Sat Jul 08 2017 23:16:05 GMT+0530 (IST): GET /todos
Sat Jul 08 2017 23:17:59 GMT+0530 (IST): POST /todos
Sat Jul 08 2017 23:17:59 GMT+0530 (IST): POST /todos
Sat Jul 08 2017 23:17:59 GMT+0530 (IST): GET /todos
Sat Jul 08 2017 23:18:31 GMT+0530 (IST): POST /todos
Sat Jul 08 2017 23:18:31 GMT+0530 (IST): POST /todos
Sat Jul 08 2017 23:18:32 GMT+0530 (IST): GET /todos
Sat Jul 08 2017 23:18:59 GMT+0530 (IST): POST /todos
Sat Jul 08 2017 23:18:59 GMT+0530 (IST): POST /todos
Sat Jul 08 2017 23:18:59 GMT+0530 (IST): GET /todos
Sat Jul 08 2017 23:19:44 GMT+0530 (IST): POST /todos
Sat Jul 08 2017 23:19:44 GMT+0530 (IST): POST /todos
Sat Jul 08 2017 23:19:44 GMT+0530 (IST): GET /todos
Sat Jul 08 2017 23:19:54 GMT+0530 (IST): POST /todos
Sat Jul 08 2017 23:19:54 GMT+0530 (IST): POST /todos
Sat Jul 08 2017 23:19:54 GMT+0530 (IST): GET /todos
Sat Jul 08 2017 23:20:03 GMT+0530 (IST): POST /todos
Sat Jul 08 2017 23:20:03 GMT+0530 (IST): POST /todos
Sat Jul 08 2017 23:20:04 GMT+0530 (IST): GET /todos
Sat Jul 08 2017 23:20:22 GMT+0530 (IST): POST /todos
Sat Jul 08 2017 23:20:23 GMT+0530 (IST): POST /todos
Sat Jul 08 2017 23:20:23 GMT+0530 (IST): GET /todos
Sat Jul 08 2017 23:20:23 GMT+0530 (IST): GET /todos/59611b5e7de57e5d4b686a5d
Sat Jul 08 2017 23:20:23 GMT+0530 (IST): GET /todos/59611b5f7de57e5d4b686a5f
Sat Jul 08 2017 23:20:24 GMT+0530 (IST): GET /todos/123abc
Sat Jul 08 2017 23:20:24 GMT+0530 (IST): DELETE /todos/59611b5e7de57e5d4b686a5e
Sat Jul 08 2017 23:20:24 GMT+0530 (IST): DELETE /todos/59611b607de57e5d4b686a60
Sat Jul 08 2017 23:20:24 GMT+0530 (IST): DELETE /todos/123abc
Sat Jul 08 2017 23:20:24 GMT+0530 (IST): PATCH /todos/59611b5e7de57e5d4b686a5d
Sat Jul 08 2017 23:20:25 GMT+0530 (IST): PATCH /todos/59611b5e7de57e5d4b686a5d
Sat Jul 08 2017 23:20:25 GMT+0530 (IST): PATCH /todos/59611b617de57e5d4b686a61
Sat Jul 08 2017 23:20:25 GMT+0530 (IST): PATCH /todos/123abc
Sat Jul 08 2017 23:20:25 GMT+0530 (IST): GET /users/me
Sat Jul 08 2017 23:20:25 GMT+0530 (IST): GET /users/me
Sat Jul 08 2017 23:20:26 GMT+0530 (IST): POST /users
Sat Jul 08 2017 23:20:26 GMT+0530 (IST): POST /users
Sat Jul 08 2017 23:20:26 GMT+0530 (IST): POST /users
Sat Jul 08 2017 23:20:27 GMT+0530 (IST): POST /users/login
Sat Jul 08 2017 23:20:27 GMT+0530 (IST): POST /users/login
Sat Jul 08 2017 23:20:27 GMT+0530 (IST): DELETE /users/me/token
Sat Jul 08 2017 23:20:39 GMT+0530 (IST): POST /todos
Sat Jul 08 2017 23:20:39 GMT+0530 (IST): POST /todos
Sat Jul 08 2017 23:20:39 GMT+0530 (IST): GET /todos
Sat Jul 08 2017 23:20:40 GMT+0530 (IST): GET /todos/59611b6f9268e15d5d46e0a0
Sat Jul 08 2017 23:20:40 GMT+0530 (IST): GET /todos/59611b709268e15d5d46e0a2
Sat Jul 08 2017 23:20:40 GMT+0530 (IST): GET /todos/123abc
Sat Jul 08 2017 23:20:40 GMT+0530 (IST): DELETE /todos/59611b6f9268e15d5d46e0a1
Sat Jul 08 2017 23:20:41 GMT+0530 (IST): DELETE /todos/59611b719268e15d5d46e0a3
Sat Jul 08 2017 23:20:41 GMT+0530 (IST): DELETE /todos/123abc
Sat Jul 08 2017 23:20:41 GMT+0530 (IST): PATCH /todos/59611b6f9268e15d5d46e0a0
Sat Jul 08 2017 23:20:41 GMT+0530 (IST): PATCH /todos/59611b6f9268e15d5d46e0a0
Sat Jul 08 2017 23:20:41 GMT+0530 (IST): PATCH /todos/59611b719268e15d5d46e0a4
Sat Jul 08 2017 23:20:42 GMT+0530 (IST): PATCH /todos/123abc
Sat Jul 08 2017 23:20:42 GMT+0530 (IST): GET /users/me
Sat Jul 08 2017 23:20:42 GMT+0530 (IST): GET /users/me
Sat Jul 08 2017 23:20:42 GMT+0530 (IST): POST /users
Sat Jul 08 2017 23:20:43 GMT+0530 (IST): POST /users
Sat Jul 08 2017 23:20:43 GMT+0530 (IST): POST /users
Sat Jul 08 2017 23:20:43 GMT+0530 (IST): POST /users/login
Sat Jul 08 2017 23:20:43 GMT+0530 (IST): POST /users/login
Sat Jul 08 2017 23:20:44 GMT+0530 (IST): DELETE /users/me/token
Sat Jul 08 2017 23:20:57 GMT+0530 (IST): POST /todos
Sat Jul 08 2017 23:20:57 GMT+0530 (IST): POST /todos
Sat Jul 08 2017 23:20:57 GMT+0530 (IST): GET /todos
Sat Jul 08 2017 23:20:57 GMT+0530 (IST): GET /todos/59611b808fcf9f5d6fa1090e
Sat Jul 08 2017 23:20:58 GMT+0530 (IST): GET /todos/59611b828fcf9f5d6fa10910
Sat Jul 08 2017 23:20:58 GMT+0530 (IST): GET /todos/123abc
Sat Jul 08 2017 23:20:58 GMT+0530 (IST): DELETE /todos/59611b808fcf9f5d6fa1090f
Sat Jul 08 2017 23:20:58 GMT+0530 (IST): DELETE /todos/59611b828fcf9f5d6fa10911
Sat Jul 08 2017 23:20:58 GMT+0530 (IST): DELETE /todos/123abc
Sat Jul 08 2017 23:20:59 GMT+0530 (IST): PATCH /todos/59611b808fcf9f5d6fa1090e
Sat Jul 08 2017 23:20:59 GMT+0530 (IST): PATCH /todos/59611b808fcf9f5d6fa1090e
Sat Jul 08 2017 23:20:59 GMT+0530 (IST): PATCH /todos/59611b838fcf9f5d6fa10912
Sat Jul 08 2017 23:20:59 GMT+0530 (IST): PATCH /todos/123abc
Sat Jul 08 2017 23:20:59 GMT+0530 (IST): GET /users/me
Sat Jul 08 2017 23:21:00 GMT+0530 (IST): GET /users/me
Sat Jul 08 2017 23:21:00 GMT+0530 (IST): POST /users
Sat Jul 08 2017 23:21:00 GMT+0530 (IST): POST /users
Sat Jul 08 2017 23:21:00 GMT+0530 (IST): POST /users
Sat Jul 08 2017 23:21:01 GMT+0530 (IST): POST /users/login
Sat Jul 08 2017 23:21:01 GMT+0530 (IST): POST /users/login
Sat Jul 08 2017 23:21:01 GMT+0530 (IST): DELETE /users/me/token
Sat Jul 08 2017 23:22:29 GMT+0530 (IST): POST /todos
Sat Jul 08 2017 23:22:29 GMT+0530 (IST): POST /todos
Sat Jul 08 2017 23:22:30 GMT+0530 (IST): GET /todos
Sat Jul 08 2017 23:22:30 GMT+0530 (IST): GET /todos/59611bdd62aa995da541726d
Sat Jul 08 2017 23:22:30 GMT+0530 (IST): GET /todos/59611bde62aa995da541726f
Sat Jul 08 2017 23:22:30 GMT+0530 (IST): GET /todos/123abc
Sat Jul 08 2017 23:22:31 GMT+0530 (IST): DELETE /todos/59611bdd62aa995da541726e
Sat Jul 08 2017 23:22:31 GMT+0530 (IST): DELETE /todos/59611bdf62aa995da5417270
Sat Jul 08 2017 23:22:31 GMT+0530 (IST): DELETE /todos/123abc
Sat Jul 08 2017 23:22:31 GMT+0530 (IST): PATCH /todos/59611bdd62aa995da541726d
Sat Jul 08 2017 23:22:31 GMT+0530 (IST): PATCH /todos/59611bdd62aa995da541726d
Sat Jul 08 2017 23:22:32 GMT+0530 (IST): PATCH /todos/59611be062aa995da5417271
Sat Jul 08 2017 23:22:32 GMT+0530 (IST): PATCH /todos/123abc
Sat Jul 08 2017 23:22:32 GMT+0530 (IST): GET /users/me
Sat Jul 08 2017 23:22:32 GMT+0530 (IST): GET /users/me
Sat Jul 08 2017 23:22:33 GMT+0530 (IST): POST /users
Sat Jul 08 2017 23:22:33 GMT+0530 (IST): POST /users
Sat Jul 08 2017 23:22:33 GMT+0530 (IST): POST /users
Sat Jul 08 2017 23:22:33 GMT+0530 (IST): POST /users/login
Sat Jul 08 2017 23:22:34 GMT+0530 (IST): POST /users/login
Sat Jul 08 2017 23:22:34 GMT+0530 (IST): DELETE /users/me/token
Sat Jul 08 2017 23:24:20 GMT+0530 (IST): POST /todos
Sat Jul 08 2017 23:24:21 GMT+0530 (IST): POST /todos
Sat Jul 08 2017 23:24:21 GMT+0530 (IST): GET /todos
Sat Jul 08 2017 23:24:29 GMT+0530 (IST): POST /todos
Sat Jul 08 2017 23:24:29 GMT+0530 (IST): POST /todos
Sat Jul 08 2017 23:24:29 GMT+0530 (IST): GET /todos
Sat Jul 08 2017 23:25:08 GMT+0530 (IST): GET /todos
Sat Jul 08 2017 23:25:09 GMT+0530 (IST): GET /todos
Sat Jul 08 2017 23:25:10 GMT+0530 (IST): GET /todos
Sat Jul 08 2017 23:25:12 GMT+0530 (IST): GET /todos
Sat Jul 08 2017 23:25:16 GMT+0530 (IST): GET /todos
Sat Jul 08 2017 23:25:24 GMT+0530 (IST): GET /todos
Sat Jul 08 2017 23:30:49 GMT+0530 (IST): POST /todos
Sat Jul 08 2017 23:30:49 GMT+0530 (IST): POST /todos
Sat Jul 08 2017 23:30:50 GMT+0530 (IST): GET /todos
Sat Jul 08 2017 23:31:37 GMT+0530 (IST): POST /todos
Sat Jul 08 2017 23:31:37 GMT+0530 (IST): POST /todos
Sat Jul 08 2017 23:31:37 GMT+0530 (IST): GET /todos
Sat Jul 08 2017 23:32:44 GMT+0530 (IST): POST /todos
Sat Jul 08 2017 23:32:44 GMT+0530 (IST): POST /todos
Sat Jul 08 2017 23:32:44 GMT+0530 (IST): GET /todos
Sat Jul 08 2017 23:32:44 GMT+0530 (IST): GET /todos/59611e434735ea02b38d6539
Sat Jul 08 2017 23:32:45 GMT+0530 (IST): GET /todos/59611e454735ea02b38d653b
Sat Jul 08 2017 23:32:45 GMT+0530 (IST): GET /todos/123abc
Sat Jul 08 2017 23:32:45 GMT+0530 (IST): DELETE /todos/59611e434735ea02b38d653a
Sat Jul 08 2017 23:32:45 GMT+0530 (IST): DELETE /todos/59611e454735ea02b38d653c
Sat Jul 08 2017 23:32:46 GMT+0530 (IST): DELETE /todos/123abc
Sat Jul 08 2017 23:32:46 GMT+0530 (IST): PATCH /todos/59611e434735ea02b38d6539
Sat Jul 08 2017 23:32:46 GMT+0530 (IST): PATCH /todos/59611e434735ea02b38d6539
Sat Jul 08 2017 23:32:46 GMT+0530 (IST): PATCH /todos/59611e464735ea02b38d653d
Sat Jul 08 2017 23:32:46 GMT+0530 (IST): PATCH /todos/123abc
Sat Jul 08 2017 23:32:47 GMT+0530 (IST): GET /users/me
Sat Jul 08 2017 23:32:47 GMT+0530 (IST): GET /users/me
Sat Jul 08 2017 23:32:47 GMT+0530 (IST): POST /users
Sat Jul 08 2017 23:32:47 GMT+0530 (IST): POST /users
Sat Jul 08 2017 23:32:48 GMT+0530 (IST): POST /users
Sat Jul 08 2017 23:32:48 GMT+0530 (IST): POST /users/login
Sat Jul 08 2017 23:32:48 GMT+0530 (IST): POST /users/login
Sat Jul 08 2017 23:32:48 GMT+0530 (IST): DELETE /users/me/token
Sat Jul 08 2017 23:33:00 GMT+0530 (IST): POST /todos
Sat Jul 08 2017 23:33:01 GMT+0530 (IST): POST /todos
Sat Jul 08 2017 23:33:01 GMT+0530 (IST): GET /todos
Sat Jul 08 2017 23:33:01 GMT+0530 (IST): GET /todos/59611e54021a9c02c6ac5c1e
Sat Jul 08 2017 23:33:01 GMT+0530 (IST): GET /todos/59611e55021a9c02c6ac5c20
Sat Jul 08 2017 23:33:02 GMT+0530 (IST): GET /todos/123abc
Sat Jul 08 2017 23:33:02 GMT+0530 (IST): DELETE /todos/59611e54021a9c02c6ac5c1f
Sat Jul 08 2017 23:33:02 GMT+0530 (IST): DELETE /todos/59611e56021a9c02c6ac5c21
Sat Jul 08 2017 23:33:02 GMT+0530 (IST): DELETE /todos/123abc
Sat Jul 08 2017 23:33:02 GMT+0530 (IST): PATCH /todos/59611e54021a9c02c6ac5c1e
Sat Jul 08 2017 23:33:03 GMT+0530 (IST): PATCH /todos/59611e54021a9c02c6ac5c1e
Sat Jul 08 2017 23:33:03 GMT+0530 (IST): PATCH /todos/59611e57021a9c02c6ac5c22
Sat Jul 08 2017 23:33:03 GMT+0530 (IST): PATCH /todos/123abc
Sat Jul 08 2017 23:33:03 GMT+0530 (IST): GET /users/me
Sat Jul 08 2017 23:33:03 GMT+0530 (IST): GET /users/me
Sat Jul 08 2017 23:33:04 GMT+0530 (IST): POST /users
Sat Jul 08 2017 23:33:04 GMT+0530 (IST): POST /users
Sat Jul 08 2017 23:33:04 GMT+0530 (IST): POST /users
Sat Jul 08 2017 23:33:04 GMT+0530 (IST): POST /users/login
Sat Jul 08 2017 23:33:05 GMT+0530 (IST): POST /users/login
Sat Jul 08 2017 23:33:05 GMT+0530 (IST): DELETE /users/me/token
Sat Jul 08 2017 23:33:12 GMT+0530 (IST): POST /todos
Sat Jul 08 2017 23:33:12 GMT+0530 (IST): POST /todos
Sat Jul 08 2017 23:33:13 GMT+0530 (IST): GET /todos
Sat Jul 08 2017 23:33:13 GMT+0530 (IST): GET /todos/59611e608a9c4f02d1ed2497
Sat Jul 08 2017 23:33:13 GMT+0530 (IST): GET /todos/59611e618a9c4f02d1ed2499
Sat Jul 08 2017 23:33:13 GMT+0530 (IST): GET /todos/123abc
Sat Jul 08 2017 23:33:13 GMT+0530 (IST): DELETE /todos/59611e608a9c4f02d1ed2498
Sat Jul 08 2017 23:33:14 GMT+0530 (IST): DELETE /todos/59611e628a9c4f02d1ed249a
Sat Jul 08 2017 23:33:14 GMT+0530 (IST): DELETE /todos/123abc
Sat Jul 08 2017 23:33:14 GMT+0530 (IST): PATCH /todos/59611e608a9c4f02d1ed2497
Sat Jul 08 2017 23:33:14 GMT+0530 (IST): PATCH /todos/59611e608a9c4f02d1ed2497
Sat Jul 08 2017 23:33:14 GMT+0530 (IST): PATCH /todos/59611e628a9c4f02d1ed249b
Sat Jul 08 2017 23:33:15 GMT+0530 (IST): PATCH /todos/123abc
Sat Jul 08 2017 23:33:15 GMT+0530 (IST): GET /users/me
Sat Jul 08 2017 23:33:15 GMT+0530 (IST): GET /users/me
Sat Jul 08 2017 23:33:15 GMT+0530 (IST): POST /users
Sat Jul 08 2017 23:33:16 GMT+0530 (IST): POST /users
Sat Jul 08 2017 23:33:16 GMT+0530 (IST): POST /users
Sat Jul 08 2017 23:33:16 GMT+0530 (IST): POST /users/login
Sat Jul 08 2017 23:33:16 GMT+0530 (IST): POST /users/login
Sat Jul 08 2017 23:33:17 GMT+0530 (IST): DELETE /users/me/token
Sat Jul 08 2017 23:33:29 GMT+0530 (IST): POST /todos
Sat Jul 08 2017 23:33:29 GMT+0530 (IST): POST /todos
Sat Jul 08 2017 23:33:29 GMT+0530 (IST): GET /todos
Sat Jul 08 2017 23:33:29 GMT+0530 (IST): GET /todos/59611e705dcdfd02ea6e81c3
Sat Jul 08 2017 23:33:30 GMT+0530 (IST): GET /todos/59611e725dcdfd02ea6e81c5
Sat Jul 08 2017 23:33:30 GMT+0530 (IST): GET /todos/123abc
Sat Jul 08 2017 23:33:30 GMT+0530 (IST): DELETE /todos/59611e705dcdfd02ea6e81c4
Sat Jul 08 2017 23:33:30 GMT+0530 (IST): DELETE /todos/59611e725dcdfd02ea6e81c6
Sat Jul 08 2017 23:33:30 GMT+0530 (IST): DELETE /todos/123abc
Sat Jul 08 2017 23:33:31 GMT+0530 (IST): PATCH /todos/59611e705dcdfd02ea6e81c3
Sat Jul 08 2017 23:33:31 GMT+0530 (IST): PATCH /todos/59611e705dcdfd02ea6e81c3
Sat Jul 08 2017 23:33:31 GMT+0530 (IST): PATCH /todos/59611e735dcdfd02ea6e81c7
Sat Jul 08 2017 23:33:31 GMT+0530 (IST): PATCH /todos/123abc
Sat Jul 08 2017 23:33:31 GMT+0530 (IST): GET /users/me
Sat Jul 08 2017 23:33:32 GMT+0530 (IST): GET /users/me
Sat Jul 08 2017 23:33:32 GMT+0530 (IST): POST /users
Sat Jul 08 2017 23:33:32 GMT+0530 (IST): POST /users
Sat Jul 08 2017 23:33:32 GMT+0530 (IST): POST /users
Sat Jul 08 2017 23:33:33 GMT+0530 (IST): POST /users/login
Sat Jul 08 2017 23:33:33 GMT+0530 (IST): POST /users/login
Sat Jul 08 2017 23:33:33 GMT+0530 (IST): DELETE /users/me/token
Sat Jul 08 2017 23:33:49 GMT+0530 (IST): POST /todos
Sat Jul 08 2017 23:33:49 GMT+0530 (IST): POST /todos
Sat Jul 08 2017 23:33:49 GMT+0530 (IST): GET /todos
Sat Jul 08 2017 23:33:50 GMT+0530 (IST): GET /todos/59611e852914410300a2b99e
Sat Jul 08 2017 23:33:50 GMT+0530 (IST): GET /todos/59611e862914410300a2b9a0
Sat Jul 08 2017 23:33:50 GMT+0530 (IST): GET /todos/123abc
Sat Jul 08 2017 23:33:50 GMT+0530 (IST): DELETE /todos/59611e852914410300a2b99f
Sat Jul 08 2017 23:33:50 GMT+0530 (IST): DELETE /todos/59611e862914410300a2b9a1
Sat Jul 08 2017 23:33:51 GMT+0530 (IST): DELETE /todos/123abc
Sat Jul 08 2017 23:33:51 GMT+0530 (IST): PATCH /todos/59611e852914410300a2b99e
Sat Jul 08 2017 23:33:51 GMT+0530 (IST): PATCH /todos/59611e852914410300a2b99e
Sat Jul 08 2017 23:33:51 GMT+0530 (IST): PATCH /todos/59611e872914410300a2b9a2
Sat Jul 08 2017 23:33:52 GMT+0530 (IST): PATCH /todos/123abc
Sat Jul 08 2017 23:33:52 GMT+0530 (IST): GET /users/me
Sat Jul 08 2017 23:33:52 GMT+0530 (IST): GET /users/me
Sat Jul 08 2017 23:33:52 GMT+0530 (IST): POST /users
Sat Jul 08 2017 23:33:53 GMT+0530 (IST): POST /users
Sat Jul 08 2017 23:33:53 GMT+0530 (IST): POST /users
Sat Jul 08 2017 23:33:53 GMT+0530 (IST): POST /users/login
Sat Jul 08 2017 23:33:53 GMT+0530 (IST): POST /users/login
Sat Jul 08 2017 23:33:54 GMT+0530 (IST): DELETE /users/me/token
Sat Jul 08 2017 23:34:03 GMT+0530 (IST): POST /todos
Sat Jul 08 2017 23:34:04 GMT+0530 (IST): POST /todos
Sat Jul 08 2017 23:34:04 GMT+0530 (IST): GET /todos
Sat Jul 08 2017 23:34:04 GMT+0530 (IST): GET /todos/59611e93cb43e40324802ee5
Sat Jul 08 2017 23:34:04 GMT+0530 (IST): GET /todos/59611e94cb43e40324802ee7
Sat Jul 08 2017 23:34:05 GMT+0530 (IST): GET /todos/123abc
Sat Jul 08 2017 23:34:05 GMT+0530 (IST): DELETE /todos/59611e93cb43e40324802ee6
Sat Jul 08 2017 23:34:05 GMT+0530 (IST): DELETE /todos/59611e95cb43e40324802ee8
Sat Jul 08 2017 23:34:05 GMT+0530 (IST): DELETE /todos/123abc
Sat Jul 08 2017 23:34:05 GMT+0530 (IST): PATCH /todos/59611e93cb43e40324802ee5
Sat Jul 08 2017 23:34:06 GMT+0530 (IST): PATCH /todos/59611e93cb43e40324802ee5
Sat Jul 08 2017 23:34:06 GMT+0530 (IST): PATCH /todos/59611e96cb43e40324802ee9
Sat Jul 08 2017 23:34:06 GMT+0530 (IST): PATCH /todos/123abc
Sat Jul 08 2017 23:34:06 GMT+0530 (IST): GET /users/me
Sat Jul 08 2017 23:34:06 GMT+0530 (IST): GET /users/me
Sat Jul 08 2017 23:34:07 GMT+0530 (IST): POST /users
Sat Jul 08 2017 23:34:07 GMT+0530 (IST): POST /users
Sat Jul 08 2017 23:34:07 GMT+0530 (IST): POST /users
Sat Jul 08 2017 23:34:08 GMT+0530 (IST): POST /users/login
Sat Jul 08 2017 23:34:08 GMT+0530 (IST): POST /users/login
Sat Jul 08 2017 23:34:08 GMT+0530 (IST): DELETE /users/me/token
Sat Jul 08 2017 23:34:15 GMT+0530 (IST): POST /todos
Sat Jul 08 2017 23:34:15 GMT+0530 (IST): POST /todos
Sat Jul 08 2017 23:34:16 GMT+0530 (IST): GET /todos
Sat Jul 08 2017 23:34:16 GMT+0530 (IST): GET /todos/59611e9faea4440336349287
Sat Jul 08 2017 23:34:16 GMT+0530 (IST): GET /todos/59611ea0aea4440336349289
Sat Jul 08 2017 23:34:16 GMT+0530 (IST): GET /todos/123abc
Sat Jul 08 2017 23:34:16 GMT+0530 (IST): DELETE /todos/59611e9faea4440336349288
Sat Jul 08 2017 23:34:17 GMT+0530 (IST): DELETE /todos/59611ea1aea444033634928a
Sat Jul 08 2017 23:34:17 GMT+0530 (IST): DELETE /todos/123abc
Sat Jul 08 2017 23:34:17 GMT+0530 (IST): PATCH /todos/59611e9faea4440336349287
Sat Jul 08 2017 23:34:17 GMT+0530 (IST): PATCH /todos/59611e9faea4440336349287
Sat Jul 08 2017 23:34:17 GMT+0530 (IST): PATCH /todos/59611ea1aea444033634928b
Sat Jul 08 2017 23:34:18 GMT+0530 (IST): PATCH /todos/123abc
Sat Jul 08 2017 23:34:18 GMT+0530 (IST): GET /users/me
Sat Jul 08 2017 23:34:18 GMT+0530 (IST): GET /users/me
Sat Jul 08 2017 23:34:18 GMT+0530 (IST): POST /users
Sat Jul 08 2017 23:34:19 GMT+0530 (IST): POST /users
Sat Jul 08 2017 23:34:19 GMT+0530 (IST): POST /users
Sat Jul 08 2017 23:34:19 GMT+0530 (IST): POST /users/login
Sat Jul 08 2017 23:34:19 GMT+0530 (IST): POST /users/login
Sat Jul 08 2017 23:34:20 GMT+0530 (IST): DELETE /users/me/token
Sat Jul 08 2017 23:34:49 GMT+0530 (IST): POST /todos
Sat Jul 08 2017 23:34:49 GMT+0530 (IST): POST /todos
Sat Jul 08 2017 23:34:49 GMT+0530 (IST): GET /todos
Sat Jul 08 2017 23:34:49 GMT+0530 (IST): GET /todos/59611ec01d0fec035033f343
Sat Jul 08 2017 23:34:50 GMT+0530 (IST): GET /todos/59611ec21d0fec035033f345
Sat Jul 08 2017 23:34:50 GMT+0530 (IST): GET /todos/123abc
Sat Jul 08 2017 23:34:50 GMT+0530 (IST): DELETE /todos/59611ec01d0fec035033f344
Sat Jul 08 2017 23:34:50 GMT+0530 (IST): DELETE /todos/59611ec21d0fec035033f346
Sat Jul 08 2017 23:34:50 GMT+0530 (IST): DELETE /todos/123abc
Sat Jul 08 2017 23:34:51 GMT+0530 (IST): PATCH /todos/59611ec01d0fec035033f343
Sat Jul 08 2017 23:34:51 GMT+0530 (IST): PATCH /todos/59611ec01d0fec035033f343
Sat Jul 08 2017 23:34:51 GMT+0530 (IST): PATCH /todos/59611ec31d0fec035033f347
Sat Jul 08 2017 23:34:51 GMT+0530 (IST): PATCH /todos/123abc
Sat Jul 08 2017 23:34:51 GMT+0530 (IST): GET /users/me
Sat Jul 08 2017 23:34:52 GMT+0530 (IST): GET /users/me
Sat Jul 08 2017 23:34:52 GMT+0530 (IST): POST /users
Sat Jul 08 2017 23:34:52 GMT+0530 (IST): POST /users
Sat Jul 08 2017 23:34:52 GMT+0530 (IST): POST /users
Sat Jul 08 2017 23:34:53 GMT+0530 (IST): POST /users/login
Sat Jul 08 2017 23:34:53 GMT+0530 (IST): POST /users/login
Sat Jul 08 2017 23:34:53 GMT+0530 (IST): DELETE /users/me/token
Sat Jul 08 2017 23:35:18 GMT+0530 (IST): POST /todos
Sat Jul 08 2017 23:35:19 GMT+0530 (IST): POST /todos
Sat Jul 08 2017 23:35:19 GMT+0530 (IST): GET /todos
Sat Jul 08 2017 23:35:19 GMT+0530 (IST): GET /todos/59611edec49eda036aa0c663
Sat Jul 08 2017 23:35:19 GMT+0530 (IST): GET /todos/59611edfc49eda036aa0c665
Sat Jul 08 2017 23:35:19 GMT+0530 (IST): GET /todos/123abc
Sat Jul 08 2017 23:35:20 GMT+0530 (IST): DELETE /todos/59611edec49eda036aa0c664
Sat Jul 08 2017 23:35:20 GMT+0530 (IST): DELETE /todos/59611ee0c49eda036aa0c666
Sat Jul 08 2017 23:35:20 GMT+0530 (IST): DELETE /todos/123abc
Sat Jul 08 2017 23:35:20 GMT+0530 (IST): PATCH /todos/59611edec49eda036aa0c663
Sat Jul 08 2017 23:35:20 GMT+0530 (IST): PATCH /todos/59611edec49eda036aa0c663
Sat Jul 08 2017 23:35:21 GMT+0530 (IST): PATCH /todos/59611ee1c49eda036aa0c667
Sat Jul 08 2017 23:35:21 GMT+0530 (IST): PATCH /todos/123abc
Sat Jul 08 2017 23:35:21 GMT+0530 (IST): GET /users/me
Sat Jul 08 2017 23:35:21 GMT+0530 (IST): GET /users/me
Sat Jul 08 2017 23:35:22 GMT+0530 (IST): POST /users
Sat Jul 08 2017 23:35:22 GMT+0530 (IST): POST /users
Sat Jul 08 2017 23:35:22 GMT+0530 (IST): POST /users
Sat Jul 08 2017 23:35:22 GMT+0530 (IST): POST /users/login
Sat Jul 08 2017 23:35:23 GMT+0530 (IST): POST /users/login
Sat Jul 08 2017 23:35:23 GMT+0530 (IST): DELETE /users/me/token
Sat Jul 08 2017 23:37:24 GMT+0530 (IST): POST /todos
Sat Jul 08 2017 23:37:24 GMT+0530 (IST): POST /todos
Sat Jul 08 2017 23:37:25 GMT+0530 (IST): GET /todos
Sat Jul 08 2017 23:37:25 GMT+0530 (IST): GET /todos/59611f5c33851703a3c80623
Sat Jul 08 2017 23:37:25 GMT+0530 (IST): GET /todos/59611f5d33851703a3c80625
Sat Jul 08 2017 23:37:25 GMT+0530 (IST): GET /todos/123abc
Sat Jul 08 2017 23:37:25 GMT+0530 (IST): DELETE /todos/59611f5c33851703a3c80624
Sat Jul 08 2017 23:37:26 GMT+0530 (IST): DELETE /todos/59611f5e33851703a3c80626
Sat Jul 08 2017 23:37:26 GMT+0530 (IST): DELETE /todos/123abc
Sat Jul 08 2017 23:37:26 GMT+0530 (IST): PATCH /todos/59611f5c33851703a3c80623
Sat Jul 08 2017 23:37:26 GMT+0530 (IST): PATCH /todos/59611f5c33851703a3c80623
Sat Jul 08 2017 23:37:26 GMT+0530 (IST): PATCH /todos/59611f5e33851703a3c80627
Sat Jul 08 2017 23:37:27 GMT+0530 (IST): PATCH /todos/123abc
Sat Jul 08 2017 23:37:27 GMT+0530 (IST): GET /users/me
Sat Jul 08 2017 23:37:27 GMT+0530 (IST): GET /users/me
Sat Jul 08 2017 23:37:27 GMT+0530 (IST): POST /users
Sat Jul 08 2017 23:37:28 GMT+0530 (IST): POST /users
Sat Jul 08 2017 23:37:28 GMT+0530 (IST): POST /users
Sat Jul 08 2017 23:37:28 GMT+0530 (IST): POST /users/login
Sat Jul 08 2017 23:37:29 GMT+0530 (IST): POST /users/login
Sat Jul 08 2017 23:37:29 GMT+0530 (IST): DELETE /users/me/token
Sat Jul 08 2017 23:37:37 GMT+0530 (IST): POST /todos
Sat Jul 08 2017 23:37:37 GMT+0530 (IST): POST /todos
Sat Jul 08 2017 23:37:37 GMT+0530 (IST): GET /todos
Sat Jul 08 2017 23:37:37 GMT+0530 (IST): GET /todos/59611f68b54a5d03b546dab9
Sat Jul 08 2017 23:37:38 GMT+0530 (IST): GET /todos/59611f6ab54a5d03b546dabb
Sat Jul 08 2017 23:37:38 GMT+0530 (IST): GET /todos/123abc
Sat Jul 08 2017 23:37:38 GMT+0530 (IST): DELETE /todos/59611f68b54a5d03b546daba
Sat Jul 08 2017 23:37:38 GMT+0530 (IST): DELETE /todos/59611f6ab54a5d03b546dabc
Sat Jul 08 2017 23:37:38 GMT+0530 (IST): DELETE /todos/123abc
Sat Jul 08 2017 23:37:39 GMT+0530 (IST): PATCH /todos/59611f68b54a5d03b546dab9
Sat Jul 08 2017 23:37:39 GMT+0530 (IST): PATCH /todos/59611f68b54a5d03b546dab9
Sat Jul 08 2017 23:37:39 GMT+0530 (IST): PATCH /todos/59611f6bb54a5d03b546dabd
Sat Jul 08 2017 23:37:39 GMT+0530 (IST): PATCH /todos/123abc
Sat Jul 08 2017 23:37:39 GMT+0530 (IST): GET /users/me
Sat Jul 08 2017 23:37:40 GMT+0530 (IST): GET /users/me
Sat Jul 08 2017 23:37:40 GMT+0530 (IST): POST /users
Sat Jul 08 2017 23:37:40 GMT+0530 (IST): POST /users
Sat Jul 08 2017 23:37:40 GMT+0530 (IST): POST /users
Sat Jul 08 2017 23:37:41 GMT+0530 (IST): POST /users/login
Sat Jul 08 2017 23:37:41 GMT+0530 (IST): POST /users/login
Sat Jul 08 2017 23:37:41 GMT+0530 (IST): DELETE /users/me/token
Sat Jul 08 2017 23:38:01 GMT+0530 (IST): POST /todos
Sat Jul 08 2017 23:38:01 GMT+0530 (IST): POST /todos
Sat Jul 08 2017 23:38:02 GMT+0530 (IST): GET /todos
Sat Jul 08 2017 23:38:02 GMT+0530 (IST): GET /todos/59611f81e9fd6403c7c4cc46
Sat Jul 08 2017 23:38:02 GMT+0530 (IST): GET /todos/59611f82e9fd6403c7c4cc48
Sat Jul 08 2017 23:38:02 GMT+0530 (IST): GET /todos/123abc
Sat Jul 08 2017 23:38:02 GMT+0530 (IST): DELETE /todos/59611f81e9fd6403c7c4cc47
Sat Jul 08 2017 23:38:03 GMT+0530 (IST): DELETE /todos/59611f83e9fd6403c7c4cc49
Sat Jul 08 2017 23:38:03 GMT+0530 (IST): DELETE /todos/123abc
Sat Jul 08 2017 23:38:03 GMT+0530 (IST): PATCH /todos/59611f81e9fd6403c7c4cc46
Sat Jul 08 2017 23:38:03 GMT+0530 (IST): PATCH /todos/59611f81e9fd6403c7c4cc46
Sat Jul 08 2017 23:38:03 GMT+0530 (IST): PATCH /todos/59611f83e9fd6403c7c4cc4a
Sat Jul 08 2017 23:38:04 GMT+0530 (IST): PATCH /todos/123abc
Sat Jul 08 2017 23:38:04 GMT+0530 (IST): GET /users/me
Sat Jul 08 2017 23:38:04 GMT+0530 (IST): GET /users/me
Sat Jul 08 2017 23:38:04 GMT+0530 (IST): POST /users
Sat Jul 08 2017 23:38:05 GMT+0530 (IST): POST /users
Sat Jul 08 2017 23:38:05 GMT+0530 (IST): POST /users
Sat Jul 08 2017 23:38:05 GMT+0530 (IST): POST /users/login
Sat Jul 08 2017 23:38:05 GMT+0530 (IST): POST /users/login
Sat Jul 08 2017 23:38:06 GMT+0530 (IST): DELETE /users/me/token
Sat Jul 08 2017 23:39:06 GMT+0530 (IST): POST /todos
Sat Jul 08 2017 23:39:06 GMT+0530 (IST): POST /todos
Sat Jul 08 2017 23:39:07 GMT+0530 (IST): GET /todos
Sat Jul 08 2017 23:39:07 GMT+0530 (IST): GET /todos/59611fc21abe8c03e0c7a833
Sat Jul 08 2017 23:39:07 GMT+0530 (IST): GET /todos/59611fc31abe8c03e0c7a835
Sat Jul 08 2017 23:39:07 GMT+0530 (IST): GET /todos/123abc
Sat Jul 08 2017 23:39:07 GMT+0530 (IST): DELETE /todos/59611fc21abe8c03e0c7a834
Sat Jul 08 2017 23:39:08 GMT+0530 (IST): DELETE /todos/59611fc41abe8c03e0c7a836
Sat Jul 08 2017 23:39:08 GMT+0530 (IST): DELETE /todos/123abc
Sat Jul 08 2017 23:39:08 GMT+0530 (IST): PATCH /todos/59611fc21abe8c03e0c7a833
Sat Jul 08 2017 23:39:08 GMT+0530 (IST): PATCH /todos/59611fc21abe8c03e0c7a833
Sat Jul 08 2017 23:39:08 GMT+0530 (IST): PATCH /todos/59611fc41abe8c03e0c7a837
Sat Jul 08 2017 23:39:09 GMT+0530 (IST): PATCH /todos/123abc
Sat Jul 08 2017 23:39:09 GMT+0530 (IST): GET /users/me
Sat Jul 08 2017 23:39:09 GMT+0530 (IST): GET /users/me
Sat Jul 08 2017 23:39:09 GMT+0530 (IST): POST /users
Sat Jul 08 2017 23:39:10 GMT+0530 (IST): POST /users
Sat Jul 08 2017 23:39:10 GMT+0530 (IST): POST /users
Sat Jul 08 2017 23:39:10 GMT+0530 (IST): POST /users/login
Sat Jul 08 2017 23:39:11 GMT+0530 (IST): POST /users/login
Sat Jul 08 2017 23:39:11 GMT+0530 (IST): DELETE /users/me/token
Sat Jul 08 2017 23:39:41 GMT+0530 (IST): POST /todos
Sat Jul 08 2017 23:39:42 GMT+0530 (IST): POST /todos
Sat Jul 08 2017 23:39:42 GMT+0530 (IST): GET /todos
Sat Jul 08 2017 23:39:42 GMT+0530 (IST): GET /todos/59611fe5d6939d0400bda28f
Sat Jul 08 2017 23:39:42 GMT+0530 (IST): GET /todos/59611fe6d6939d0400bda291
Sat Jul 08 2017 23:39:42 GMT+0530 (IST): GET /todos/123abc
Sat Jul 08 2017 23:39:43 GMT+0530 (IST): DELETE /todos/59611fe5d6939d0400bda290
Sat Jul 08 2017 23:39:43 GMT+0530 (IST): DELETE /todos/59611fe7d6939d0400bda292
Sat Jul 08 2017 23:39:43 GMT+0530 (IST): DELETE /todos/123abc
Sat Jul 08 2017 23:39:43 GMT+0530 (IST): PATCH /todos/59611fe5d6939d0400bda28f
Sat Jul 08 2017 23:39:43 GMT+0530 (IST): PATCH /todos/59611fe5d6939d0400bda28f
Sat Jul 08 2017 23:39:44 GMT+0530 (IST): PATCH /todos/59611fe8d6939d0400bda293
Sat Jul 08 2017 23:39:44 GMT+0530 (IST): PATCH /todos/123abc
Sat Jul 08 2017 23:39:44 GMT+0530 (IST): GET /users/me
Sat Jul 08 2017 23:39:44 GMT+0530 (IST): GET /users/me
Sat Jul 08 2017 23:39:44 GMT+0530 (IST): POST /users
Sat Jul 08 2017 23:39:45 GMT+0530 (IST): POST /users
Sat Jul 08 2017 23:39:45 GMT+0530 (IST): POST /users
Sat Jul 08 2017 23:39:45 GMT+0530 (IST): POST /users/login
Sat Jul 08 2017 23:39:46 GMT+0530 (IST): POST /users/login
Sat Jul 08 2017 23:39:46 GMT+0530 (IST): DELETE /users/me/token
Sat Jul 08 2017 23:40:09 GMT+0530 (IST): POST /todos
Sat Jul 08 2017 23:40:09 GMT+0530 (IST): POST /todos
Sat Jul 08 2017 23:40:09 GMT+0530 (IST): GET /todos
Sat Jul 08 2017 23:40:10 GMT+0530 (IST): GET /todos/59612001676b3c04286532ba
Sat Jul 08 2017 23:40:10 GMT+0530 (IST): GET /todos/59612002676b3c04286532bc
Sat Jul 08 2017 23:40:10 GMT+0530 (IST): GET /todos/123abc
Sat Jul 08 2017 23:40:10 GMT+0530 (IST): DELETE /todos/59612001676b3c04286532bb
Sat Jul 08 2017 23:40:11 GMT+0530 (IST): DELETE /todos/59612003676b3c04286532bd
Sat Jul 08 2017 23:40:11 GMT+0530 (IST): DELETE /todos/123abc
Sat Jul 08 2017 23:40:11 GMT+0530 (IST): PATCH /todos/59612001676b3c04286532ba
Sat Jul 08 2017 23:40:11 GMT+0530 (IST): PATCH /todos/59612001676b3c04286532ba
Sat Jul 08 2017 23:40:11 GMT+0530 (IST): PATCH /todos/59612003676b3c04286532be
Sat Jul 08 2017 23:40:12 GMT+0530 (IST): PATCH /todos/123abc
Sat Jul 08 2017 23:40:12 GMT+0530 (IST): GET /users/me
Sat Jul 08 2017 23:40:12 GMT+0530 (IST): GET /users/me
Sat Jul 08 2017 23:40:12 GMT+0530 (IST): POST /users
Sat Jul 08 2017 23:40:13 GMT+0530 (IST): POST /users
Sat Jul 08 2017 23:40:13 GMT+0530 (IST): POST /users
Sat Jul 08 2017 23:40:13 GMT+0530 (IST): POST /users/login
Sat Jul 08 2017 23:40:14 GMT+0530 (IST): POST /users/login
Sat Jul 08 2017 23:40:14 GMT+0530 (IST): DELETE /users/me/token
Sat Jul 08 2017 23:40:24 GMT+0530 (IST): POST /todos
Sat Jul 08 2017 23:40:24 GMT+0530 (IST): POST /todos
Sat Jul 08 2017 23:40:24 GMT+0530 (IST): GET /todos
Sat Jul 08 2017 23:40:25 GMT+0530 (IST): GET /todos/596120103419a3043b499bcb
Sat Jul 08 2017 23:40:25 GMT+0530 (IST): GET /todos/596120113419a3043b499bcd
Sat Jul 08 2017 23:40:25 GMT+0530 (IST): GET /todos/123abc
Sat Jul 08 2017 23:40:25 GMT+0530 (IST): DELETE /todos/596120103419a3043b499bcc
Sat Jul 08 2017 23:40:26 GMT+0530 (IST): DELETE /todos/596120123419a3043b499bce
Sat Jul 08 2017 23:40:26 GMT+0530 (IST): DELETE /todos/123abc
Sat Jul 08 2017 23:40:26 GMT+0530 (IST): PATCH /todos/596120103419a3043b499bcb
Sat Jul 08 2017 23:40:26 GMT+0530 (IST): PATCH /todos/596120103419a3043b499bcb
Sat Jul 08 2017 23:40:26 GMT+0530 (IST): PATCH /todos/596120123419a3043b499bcf
Sat Jul 08 2017 23:40:27 GMT+0530 (IST): PATCH /todos/123abc
Sat Jul 08 2017 23:40:27 GMT+0530 (IST): GET /users/me
Sat Jul 08 2017 23:40:27 GMT+0530 (IST): GET /users/me
Sat Jul 08 2017 23:40:27 GMT+0530 (IST): POST /users
Sat Jul 08 2017 23:40:27 GMT+0530 (IST): POST /users
Sat Jul 08 2017 23:40:28 GMT+0530 (IST): POST /users
Sat Jul 08 2017 23:40:28 GMT+0530 (IST): POST /users/login
Sat Jul 08 2017 23:40:28 GMT+0530 (IST): POST /users/login
Sat Jul 08 2017 23:40:29 GMT+0530 (IST): DELETE /users/me/token
Sat Jul 08 2017 23:44:16 GMT+0530 (IST): POST /todos
Sat Jul 08 2017 23:44:16 GMT+0530 (IST): POST /todos
Sat Jul 08 2017 23:44:16 GMT+0530 (IST): GET /todos
Sat Jul 08 2017 23:44:17 GMT+0530 (IST): GET /todos/596120f7d684bc04a25a82d5
Sat Jul 08 2017 23:44:17 GMT+0530 (IST): GET /todos/596120f9d684bc04a25a82d7
Sat Jul 08 2017 23:44:17 GMT+0530 (IST): GET /todos/123abc
Sat Jul 08 2017 23:44:17 GMT+0530 (IST): DELETE /todos/596120f7d684bc04a25a82d6
Sat Jul 08 2017 23:44:17 GMT+0530 (IST): DELETE /todos/596120f9d684bc04a25a82d8
Sat Jul 08 2017 23:44:18 GMT+0530 (IST): DELETE /todos/123abc
Sat Jul 08 2017 23:44:18 GMT+0530 (IST): PATCH /todos/596120f7d684bc04a25a82d5
Sat Jul 08 2017 23:44:18 GMT+0530 (IST): PATCH /todos/596120f7d684bc04a25a82d5
Sat Jul 08 2017 23:44:18 GMT+0530 (IST): PATCH /todos/596120fad684bc04a25a82d9
Sat Jul 08 2017 23:44:19 GMT+0530 (IST): PATCH /todos/123abc
Sat Jul 08 2017 23:44:19 GMT+0530 (IST): GET /users/me
Sat Jul 08 2017 23:44:19 GMT+0530 (IST): GET /users/me
Sat Jul 08 2017 23:44:19 GMT+0530 (IST): POST /users
Sat Jul 08 2017 23:44:20 GMT+0530 (IST): POST /users
Sat Jul 08 2017 23:44:20 GMT+0530 (IST): POST /users
Sat Jul 08 2017 23:44:20 GMT+0530 (IST): POST /users/login
Sat Jul 08 2017 23:44:20 GMT+0530 (IST): POST /users/login
Sat Jul 08 2017 23:44:21 GMT+0530 (IST): DELETE /users/me/token
Sat Jul 08 2017 23:47:18 GMT+0530 (IST): POST /todos
Sat Jul 08 2017 23:47:18 GMT+0530 (IST): POST /todos
Sat Jul 08 2017 23:47:18 GMT+0530 (IST): GET /todos
Sat Jul 08 2017 23:47:18 GMT+0530 (IST): GET /todos/596121ad1ba37104d988c54f
Sat Jul 08 2017 23:47:19 GMT+0530 (IST): GET /todos/596121af1ba37104d988c551
Sat Jul 08 2017 23:47:19 GMT+0530 (IST): GET /todos/123abc
Sat Jul 08 2017 23:47:19 GMT+0530 (IST): DELETE /todos/596121ad1ba37104d988c550
Sat Jul 08 2017 23:47:19 GMT+0530 (IST): DELETE /todos/596121af1ba37104d988c552
Sat Jul 08 2017 23:47:19 GMT+0530 (IST): DELETE /todos/123abc
Sat Jul 08 2017 23:47:20 GMT+0530 (IST): PATCH /todos/596121ad1ba37104d988c54f
Sat Jul 08 2017 23:47:20 GMT+0530 (IST): PATCH /todos/596121ad1ba37104d988c54f
Sat Jul 08 2017 23:47:20 GMT+0530 (IST): PATCH /todos/596121b01ba37104d988c553
Sat Jul 08 2017 23:47:20 GMT+0530 (IST): PATCH /todos/123abc
Sat Jul 08 2017 23:47:21 GMT+0530 (IST): GET /users/me
Sat Jul 08 2017 23:47:21 GMT+0530 (IST): GET /users/me
Sat Jul 08 2017 23:47:21 GMT+0530 (IST): POST /users
Sat Jul 08 2017 23:47:21 GMT+0530 (IST): POST /users
Sat Jul 08 2017 23:47:21 GMT+0530 (IST): POST /users
Sat Jul 08 2017 23:47:22 GMT+0530 (IST): POST /users/login
Sat Jul 08 2017 23:47:22 GMT+0530 (IST): POST /users/login
Sat Jul 08 2017 23:47:22 GMT+0530 (IST): DELETE /users/me/token
Sat Jul 08 2017 23:52:30 GMT+0530 (IST): POST /todos
Sat Jul 08 2017 23:52:31 GMT+0530 (IST): POST /todos
Sat Jul 08 2017 23:52:31 GMT+0530 (IST): GET /todos
Sat Jul 08 2017 23:52:31 GMT+0530 (IST): GET /todos/596122e68f8e330539621a93
Sat Jul 08 2017 23:52:31 GMT+0530 (IST): GET /todos/596122e68f8e330539621a94
Sat Jul 08 2017 23:52:32 GMT+0530 (IST): GET /todos/596122e88f8e330539621a95
Sat Jul 08 2017 23:52:32 GMT+0530 (IST): GET /todos/123abc
Sat Jul 08 2017 23:52:32 GMT+0530 (IST): DELETE /todos/596122e68f8e330539621a94
Sat Jul 08 2017 23:52:32 GMT+0530 (IST): DELETE /todos/596122e88f8e330539621a96
Sat Jul 08 2017 23:52:33 GMT+0530 (IST): DELETE /todos/123abc
Sat Jul 08 2017 23:52:33 GMT+0530 (IST): PATCH /todos/596122e68f8e330539621a93
Sat Jul 08 2017 23:52:33 GMT+0530 (IST): PATCH /todos/596122e68f8e330539621a93
Sat Jul 08 2017 23:52:33 GMT+0530 (IST): PATCH /todos/596122e98f8e330539621a97
Sat Jul 08 2017 23:52:33 GMT+0530 (IST): PATCH /todos/123abc
Sat Jul 08 2017 23:52:34 GMT+0530 (IST): GET /users/me
Sat Jul 08 2017 23:52:34 GMT+0530 (IST): GET /users/me
Sat Jul 08 2017 23:52:34 GMT+0530 (IST): POST /users
Sat Jul 08 2017 23:52:34 GMT+0530 (IST): POST /users
Sat Jul 08 2017 23:52:35 GMT+0530 (IST): POST /users
Sat Jul 08 2017 23:52:35 GMT+0530 (IST): POST /users/login
Sat Jul 08 2017 23:52:35 GMT+0530 (IST): POST /users/login
Sat Jul 08 2017 23:52:36 GMT+0530 (IST): DELETE /users/me/token
Sat Jul 08 2017 23:52:45 GMT+0530 (IST): POST /todos
Sat Jul 08 2017 23:52:45 GMT+0530 (IST): POST /todos
Sat Jul 08 2017 23:52:45 GMT+0530 (IST): GET /todos
Sat Jul 08 2017 23:52:45 GMT+0530 (IST): GET /todos/596122f47c1828054b637836
Sat Jul 08 2017 23:52:46 GMT+0530 (IST): GET /todos/596122f47c1828054b637837
Sat Jul 08 2017 23:52:46 GMT+0530 (IST): GET /todos/596122f67c1828054b637838
Sat Jul 08 2017 23:52:46 GMT+0530 (IST): GET /todos/123abc
Sat Jul 08 2017 23:52:46 GMT+0530 (IST): DELETE /todos/596122f47c1828054b637837
Sat Jul 08 2017 23:52:47 GMT+0530 (IST): DELETE /todos/596122f77c1828054b637839
Sat Jul 08 2017 23:52:47 GMT+0530 (IST): DELETE /todos/123abc
Sat Jul 08 2017 23:52:47 GMT+0530 (IST): PATCH /todos/596122f47c1828054b637836
Sat Jul 08 2017 23:52:47 GMT+0530 (IST): PATCH /todos/596122f47c1828054b637836
Sat Jul 08 2017 23:52:48 GMT+0530 (IST): PATCH /todos/596122f87c1828054b63783a
Sat Jul 08 2017 23:52:48 GMT+0530 (IST): PATCH /todos/123abc
Sat Jul 08 2017 23:52:48 GMT+0530 (IST): GET /users/me
Sat Jul 08 2017 23:52:48 GMT+0530 (IST): GET /users/me
Sat Jul 08 2017 23:52:48 GMT+0530 (IST): POST /users
Sat Jul 08 2017 23:52:49 GMT+0530 (IST): POST /users
Sat Jul 08 2017 23:52:49 GMT+0530 (IST): POST /users
Sat Jul 08 2017 23:52:49 GMT+0530 (IST): POST /users/login
Sat Jul 08 2017 23:52:50 GMT+0530 (IST): POST /users/login
Sat Jul 08 2017 23:52:50 GMT+0530 (IST): DELETE /users/me/token
Sat Jul 08 2017 23:53:01 GMT+0530 (IST): POST /todos
Sat Jul 08 2017 23:53:01 GMT+0530 (IST): POST /todos
Sat Jul 08 2017 23:53:02 GMT+0530 (IST): GET /todos
Sat Jul 08 2017 23:53:02 GMT+0530 (IST): GET /todos/59612304a52f1105643d43ad
Sat Jul 08 2017 23:53:02 GMT+0530 (IST): GET /todos/59612304a52f1105643d43ae
Sat Jul 08 2017 23:53:02 GMT+0530 (IST): GET /todos/59612306a52f1105643d43af
Sat Jul 08 2017 23:53:03 GMT+0530 (IST): GET /todos/123abc
Sat Jul 08 2017 23:53:03 GMT+0530 (IST): DELETE /todos/59612304a52f1105643d43ae
Sat Jul 08 2017 23:53:03 GMT+0530 (IST): DELETE /todos/59612307a52f1105643d43b0
Sat Jul 08 2017 23:53:04 GMT+0530 (IST): DELETE /todos/123abc
Sat Jul 08 2017 23:53:04 GMT+0530 (IST): PATCH /todos/59612304a52f1105643d43ad
Sat Jul 08 2017 23:53:04 GMT+0530 (IST): PATCH /todos/59612304a52f1105643d43ad
Sat Jul 08 2017 23:53:04 GMT+0530 (IST): PATCH /todos/59612308a52f1105643d43b1
Sat Jul 08 2017 23:53:05 GMT+0530 (IST): PATCH /todos/123abc
Sat Jul 08 2017 23:53:05 GMT+0530 (IST): GET /users/me
Sat Jul 08 2017 23:53:05 GMT+0530 (IST): GET /users/me
Sat Jul 08 2017 23:53:06 GMT+0530 (IST): POST /users
Sat Jul 08 2017 23:53:06 GMT+0530 (IST): POST /users
Sat Jul 08 2017 23:53:06 GMT+0530 (IST): POST /users
Sat Jul 08 2017 23:53:07 GMT+0530 (IST): POST /users/login
Sat Jul 08 2017 23:53:07 GMT+0530 (IST): POST /users/login
Sat Jul 08 2017 23:53:07 GMT+0530 (IST): DELETE /users/me/token
Sat Jul 08 2017 23:57:48 GMT+0530 (IST): POST /todos
Sat Jul 08 2017 23:57:48 GMT+0530 (IST): POST /todos
Sat Jul 08 2017 23:57:48 GMT+0530 (IST): GET /todos
Sat Jul 08 2017 23:57:49 GMT+0530 (IST): GET /todos/59612424a4f54005c05593f9
Sat Jul 08 2017 23:57:49 GMT+0530 (IST): GET /todos/59612424a4f54005c05593fa
Sat Jul 08 2017 23:57:49 GMT+0530 (IST): GET /todos/59612425a4f54005c05593fb
Sat Jul 08 2017 23:57:49 GMT+0530 (IST): GET /todos/123abc
Sat Jul 08 2017 23:57:50 GMT+0530 (IST): DELETE /todos/59612424a4f54005c05593f9
Sat Jul 08 2017 23:57:50 GMT+0530 (IST): DELETE /todos/59612424a4f54005c05593f9
Sat Jul 08 2017 23:57:50 GMT+0530 (IST): DELETE /todos/59612426a4f54005c05593fc
Sat Jul 08 2017 23:57:50 GMT+0530 (IST): DELETE /todos/123abc
Sat Jul 08 2017 23:57:50 GMT+0530 (IST): PATCH /todos/59612424a4f54005c05593f9
Sat Jul 08 2017 23:57:51 GMT+0530 (IST): PATCH /todos/59612424a4f54005c05593f9
Sat Jul 08 2017 23:57:51 GMT+0530 (IST): PATCH /todos/59612427a4f54005c05593fd
Sat Jul 08 2017 23:57:51 GMT+0530 (IST): PATCH /todos/123abc
Sat Jul 08 2017 23:57:51 GMT+0530 (IST): GET /users/me
Sat Jul 08 2017 23:57:51 GMT+0530 (IST): GET /users/me
Sat Jul 08 2017 23:57:52 GMT+0530 (IST): POST /users
Sat Jul 08 2017 23:57:52 GMT+0530 (IST): POST /users
Sat Jul 08 2017 23:57:52 GMT+0530 (IST): POST /users
Sat Jul 08 2017 23:57:53 GMT+0530 (IST): POST /users/login
Sat Jul 08 2017 23:57:53 GMT+0530 (IST): POST /users/login
Sat Jul 08 2017 23:57:53 GMT+0530 (IST): DELETE /users/me/token
Sat Jul 08 2017 23:59:23 GMT+0530 (IST): POST /todos
Sat Jul 08 2017 23:59:23 GMT+0530 (IST): POST /todos
Sat Jul 08 2017 23:59:23 GMT+0530 (IST): GET /todos
Sat Jul 08 2017 23:59:24 GMT+0530 (IST): GET /todos/59612483fddc3e05eb73f2f9
Sat Jul 08 2017 23:59:24 GMT+0530 (IST): GET /todos/59612483fddc3e05eb73f2fa
Sat Jul 08 2017 23:59:24 GMT+0530 (IST): GET /todos/59612484fddc3e05eb73f2fb
Sat Jul 08 2017 23:59:24 GMT+0530 (IST): GET /todos/123abc
Sat Jul 08 2017 23:59:24 GMT+0530 (IST): DELETE /todos/59612483fddc3e05eb73f2f9
Sat Jul 08 2017 23:59:25 GMT+0530 (IST): DELETE /todos/59612483fddc3e05eb73f2f9
Sat Jul 08 2017 23:59:25 GMT+0530 (IST): DELETE /todos/59612485fddc3e05eb73f2fc
Sat Jul 08 2017 23:59:25 GMT+0530 (IST): DELETE /todos/123abc
Sat Jul 08 2017 23:59:25 GMT+0530 (IST): PATCH /todos/59612483fddc3e05eb73f2f9
Sat Jul 08 2017 23:59:25 GMT+0530 (IST): PATCH /todos/59612483fddc3e05eb73f2f9
Sat Jul 08 2017 23:59:26 GMT+0530 (IST): PATCH /todos/59612486fddc3e05eb73f2fd
Sat Jul 08 2017 23:59:26 GMT+0530 (IST): PATCH /todos/123abc
Sat Jul 08 2017 23:59:26 GMT+0530 (IST): GET /users/me
Sat Jul 08 2017 23:59:26 GMT+0530 (IST): GET /users/me
Sat Jul 08 2017 23:59:27 GMT+0530 (IST): POST /users
Sat Jul 08 2017 23:59:27 GMT+0530 (IST): POST /users
Sat Jul 08 2017 23:59:27 GMT+0530 (IST): POST /users
Sat Jul 08 2017 23:59:27 GMT+0530 (IST): POST /users/login
Sat Jul 08 2017 23:59:28 GMT+0530 (IST): POST /users/login
Sat Jul 08 2017 23:59:28 GMT+0530 (IST): DELETE /users/me/token
Sun Jul 09 2017 00:02:32 GMT+0530 (IST): POST /todos
Sun Jul 09 2017 00:02:32 GMT+0530 (IST): POST /todos
Sun Jul 09 2017 00:02:33 GMT+0530 (IST): GET /todos
Sun Jul 09 2017 00:02:33 GMT+0530 (IST): GET /todos/596125405751480619840d32
Sun Jul 09 2017 00:02:33 GMT+0530 (IST): GET /todos/596125405751480619840d33
Sun Jul 09 2017 00:02:33 GMT+0530 (IST): GET /todos/596125415751480619840d34
Sun Jul 09 2017 00:02:33 GMT+0530 (IST): GET /todos/123abc
Sun Jul 09 2017 00:02:34 GMT+0530 (IST): DELETE /todos/596125405751480619840d32
Sun Jul 09 2017 00:02:34 GMT+0530 (IST): DELETE /todos/596125405751480619840d32
Sun Jul 09 2017 00:02:34 GMT+0530 (IST): DELETE /todos/596125425751480619840d35
Sun Jul 09 2017 00:02:34 GMT+0530 (IST): DELETE /todos/123abc
Sun Jul 09 2017 00:02:34 GMT+0530 (IST): PATCH /todos/596125405751480619840d32
Sun Jul 09 2017 00:02:35 GMT+0530 (IST): PATCH /todos/596125405751480619840d32
Sun Jul 09 2017 00:02:35 GMT+0530 (IST): PATCH /todos/596125435751480619840d36
Sun Jul 09 2017 00:02:35 GMT+0530 (IST): PATCH /todos/123abc
Sun Jul 09 2017 00:02:35 GMT+0530 (IST): GET /users/me
Sun Jul 09 2017 00:02:36 GMT+0530 (IST): GET /users/me
Sun Jul 09 2017 00:02:36 GMT+0530 (IST): POST /users
Sun Jul 09 2017 00:02:36 GMT+0530 (IST): POST /users
Sun Jul 09 2017 00:02:36 GMT+0530 (IST): POST /users
Sun Jul 09 2017 00:02:37 GMT+0530 (IST): POST /users/login
Sun Jul 09 2017 00:02:37 GMT+0530 (IST): POST /users/login
Sun Jul 09 2017 00:02:37 GMT+0530 (IST): DELETE /users/me/token
Sun Jul 09 2017 00:02:46 GMT+0530 (IST): POST /todos
Sun Jul 09 2017 00:02:46 GMT+0530 (IST): POST /todos
Sun Jul 09 2017 00:02:46 GMT+0530 (IST): GET /todos
Sun Jul 09 2017 00:02:47 GMT+0530 (IST): GET /todos/5961254d169251062bd6dbf2
Sun Jul 09 2017 00:02:47 GMT+0530 (IST): GET /todos/5961254d169251062bd6dbf3
Sun Jul 09 2017 00:02:47 GMT+0530 (IST): GET /todos/5961254f169251062bd6dbf4
Sun Jul 09 2017 00:02:47 GMT+0530 (IST): GET /todos/123abc
Sun Jul 09 2017 00:02:48 GMT+0530 (IST): DELETE /todos/5961254d169251062bd6dbf2
Sun Jul 09 2017 00:02:48 GMT+0530 (IST): DELETE /todos/5961254d169251062bd6dbf2
Sun Jul 09 2017 00:02:48 GMT+0530 (IST): DELETE /todos/59612550169251062bd6dbf5
Sun Jul 09 2017 00:02:48 GMT+0530 (IST): DELETE /todos/123abc
Sun Jul 09 2017 00:02:48 GMT+0530 (IST): PATCH /todos/5961254d169251062bd6dbf2
Sun Jul 09 2017 00:02:49 GMT+0530 (IST): PATCH /todos/5961254d169251062bd6dbf2
Sun Jul 09 2017 00:02:49 GMT+0530 (IST): PATCH /todos/59612551169251062bd6dbf6
Sun Jul 09 2017 00:02:49 GMT+0530 (IST): PATCH /todos/123abc
Sun Jul 09 2017 00:02:49 GMT+0530 (IST): GET /users/me
Sun Jul 09 2017 00:02:49 GMT+0530 (IST): GET /users/me
Sun Jul 09 2017 00:02:50 GMT+0530 (IST): POST /users
Sun Jul 09 2017 00:02:50 GMT+0530 (IST): POST /users
Sun Jul 09 2017 00:02:50 GMT+0530 (IST): POST /users
Sun Jul 09 2017 00:02:50 GMT+0530 (IST): POST /users/login
Sun Jul 09 2017 00:02:51 GMT+0530 (IST): POST /users/login
Sun Jul 09 2017 00:02:51 GMT+0530 (IST): DELETE /users/me/token
Sun Jul 09 2017 00:03:27 GMT+0530 (IST): POST /todos
Sun Jul 09 2017 00:03:28 GMT+0530 (IST): POST /todos
Sun Jul 09 2017 00:03:28 GMT+0530 (IST): GET /todos
Sun Jul 09 2017 00:03:28 GMT+0530 (IST): GET /todos/59612577ec8296063d72e5f3
Sun Jul 09 2017 00:03:28 GMT+0530 (IST): GET /todos/59612577ec8296063d72e5f4
Sun Jul 09 2017 00:03:29 GMT+0530 (IST): GET /todos/59612579ec8296063d72e5f5
Sun Jul 09 2017 00:03:29 GMT+0530 (IST): GET /todos/123abc
Sun Jul 09 2017 00:03:29 GMT+0530 (IST): DELETE /todos/59612577ec8296063d72e5f4
Sun Jul 09 2017 00:03:29 GMT+0530 (IST): DELETE /todos/59612577ec8296063d72e5f3
Sun Jul 09 2017 00:03:29 GMT+0530 (IST): DELETE /todos/59612579ec8296063d72e5f6
Sun Jul 09 2017 00:03:30 GMT+0530 (IST): DELETE /todos/123abc
Sun Jul 09 2017 00:03:30 GMT+0530 (IST): PATCH /todos/59612577ec8296063d72e5f3
Sun Jul 09 2017 00:03:30 GMT+0530 (IST): PATCH /todos/59612577ec8296063d72e5f3
Sun Jul 09 2017 00:03:30 GMT+0530 (IST): PATCH /todos/5961257aec8296063d72e5f7
Sun Jul 09 2017 00:03:31 GMT+0530 (IST): PATCH /todos/123abc
Sun Jul 09 2017 00:03:31 GMT+0530 (IST): GET /users/me
Sun Jul 09 2017 00:03:31 GMT+0530 (IST): GET /users/me
Sun Jul 09 2017 00:03:31 GMT+0530 (IST): POST /users
Sun Jul 09 2017 00:03:32 GMT+0530 (IST): POST /users
Sun Jul 09 2017 00:03:32 GMT+0530 (IST): POST /users
Sun Jul 09 2017 00:03:32 GMT+0530 (IST): POST /users/login
Sun Jul 09 2017 00:03:32 GMT+0530 (IST): POST /users/login
Sun Jul 09 2017 00:03:33 GMT+0530 (IST): DELETE /users/me/token
Sun Jul 09 2017 00:09:38 GMT+0530 (IST): POST /todos
Sun Jul 09 2017 00:09:39 GMT+0530 (IST): POST /todos
Sun Jul 09 2017 00:09:39 GMT+0530 (IST): GET /todos
Sun Jul 09 2017 00:09:39 GMT+0530 (IST): GET /todos/596126eaa35bff06c776b2d7
Sun Jul 09 2017 00:09:39 GMT+0530 (IST): GET /todos/596126eaa35bff06c776b2d8
Sun Jul 09 2017 00:09:39 GMT+0530 (IST): GET /todos/596126eba35bff06c776b2d9
Sun Jul 09 2017 00:09:40 GMT+0530 (IST): GET /todos/123abc
Sun Jul 09 2017 00:09:40 GMT+0530 (IST): DELETE /todos/596126eaa35bff06c776b2d8
Sun Jul 09 2017 00:09:40 GMT+0530 (IST): DELETE /todos/596126eaa35bff06c776b2d7
Sun Jul 09 2017 00:09:40 GMT+0530 (IST): DELETE /todos/596126eca35bff06c776b2da
Sun Jul 09 2017 00:09:40 GMT+0530 (IST): DELETE /todos/123abc
Sun Jul 09 2017 00:09:41 GMT+0530 (IST): PATCH /todos/596126eaa35bff06c776b2d7
Sun Jul 09 2017 00:09:41 GMT+0530 (IST): PATCH /todos/596126eaa35bff06c776b2d8
Sun Jul 09 2017 00:09:41 GMT+0530 (IST): PATCH /todos/596126eaa35bff06c776b2d7
Sun Jul 09 2017 00:09:41 GMT+0530 (IST): PATCH /todos/596126eda35bff06c776b2db
Sun Jul 09 2017 00:09:42 GMT+0530 (IST): PATCH /todos/123abc
Sun Jul 09 2017 00:09:42 GMT+0530 (IST): GET /users/me
Sun Jul 09 2017 00:09:42 GMT+0530 (IST): GET /users/me
Sun Jul 09 2017 00:09:42 GMT+0530 (IST): POST /users
Sun Jul 09 2017 00:09:43 GMT+0530 (IST): POST /users
Sun Jul 09 2017 00:09:43 GMT+0530 (IST): POST /users
Sun Jul 09 2017 00:09:43 GMT+0530 (IST): POST /users/login
Sun Jul 09 2017 00:09:43 GMT+0530 (IST): POST /users/login
Sun Jul 09 2017 00:09:44 GMT+0530 (IST): DELETE /users/me/token
Sun Jul 09 2017 00:10:22 GMT+0530 (IST): POST /todos
Sun Jul 09 2017 00:10:22 GMT+0530 (IST): POST /todos
Sun Jul 09 2017 00:10:22 GMT+0530 (IST): GET /todos
Sun Jul 09 2017 00:10:23 GMT+0530 (IST): GET /todos/59612716f04c3806e6b349e0
Sun Jul 09 2017 00:10:23 GMT+0530 (IST): GET /todos/59612716f04c3806e6b349e1
Sun Jul 09 2017 00:10:23 GMT+0530 (IST): GET /todos/59612717f04c3806e6b349e2
Sun Jul 09 2017 00:10:23 GMT+0530 (IST): GET /todos/123abc
Sun Jul 09 2017 00:10:24 GMT+0530 (IST): DELETE /todos/59612716f04c3806e6b349e1
Sun Jul 09 2017 00:10:24 GMT+0530 (IST): DELETE /todos/59612716f04c3806e6b349e0
Sun Jul 09 2017 00:10:24 GMT+0530 (IST): DELETE /todos/59612718f04c3806e6b349e3
Sun Jul 09 2017 00:10:24 GMT+0530 (IST): DELETE /todos/123abc
Sun Jul 09 2017 00:10:24 GMT+0530 (IST): PATCH /todos/59612716f04c3806e6b349e0
Sun Jul 09 2017 00:10:25 GMT+0530 (IST): PATCH /todos/59612716f04c3806e6b349e1
Sun Jul 09 2017 00:10:25 GMT+0530 (IST): PATCH /todos/59612716f04c3806e6b349e0
Sun Jul 09 2017 00:10:25 GMT+0530 (IST): PATCH /todos/59612719f04c3806e6b349e4
Sun Jul 09 2017 00:10:25 GMT+0530 (IST): PATCH /todos/123abc
Sun Jul 09 2017 00:10:26 GMT+0530 (IST): GET /users/me
Sun Jul 09 2017 00:10:26 GMT+0530 (IST): GET /users/me
Sun Jul 09 2017 00:10:26 GMT+0530 (IST): POST /users
Sun Jul 09 2017 00:10:26 GMT+0530 (IST): POST /users
Sun Jul 09 2017 00:10:27 GMT+0530 (IST): POST /users
Sun Jul 09 2017 00:10:27 GMT+0530 (IST): POST /users/login
Sun Jul 09 2017 00:10:27 GMT+0530 (IST): POST /users/login
Sun Jul 09 2017 00:10:27 GMT+0530 (IST): DELETE /users/me/token
Sun Jul 09 2017 00:10:56 GMT+0530 (IST): POST /todos
Sun Jul 09 2017 00:10:56 GMT+0530 (IST): POST /todos
Sun Jul 09 2017 00:10:56 GMT+0530 (IST): GET /todos
Sun Jul 09 2017 00:10:56 GMT+0530 (IST): GET /todos/5961273747282c06f821e357
Sun Jul 09 2017 00:10:57 GMT+0530 (IST): GET /todos/5961273747282c06f821e358
Sun Jul 09 2017 00:10:57 GMT+0530 (IST): GET /todos/5961273947282c06f821e359
Sun Jul 09 2017 00:10:57 GMT+0530 (IST): GET /todos/123abc
Sun Jul 09 2017 00:10:57 GMT+0530 (IST): DELETE /todos/5961273747282c06f821e358
Sun Jul 09 2017 00:10:57 GMT+0530 (IST): DELETE /todos/5961273747282c06f821e357
Sun Jul 09 2017 00:10:58 GMT+0530 (IST): DELETE /todos/5961273a47282c06f821e35a
Sun Jul 09 2017 00:10:58 GMT+0530 (IST): DELETE /todos/123abc
Sun Jul 09 2017 00:10:58 GMT+0530 (IST): PATCH /todos/5961273747282c06f821e357
Sun Jul 09 2017 00:10:58 GMT+0530 (IST): PATCH /todos/5961273747282c06f821e358
Sun Jul 09 2017 00:10:59 GMT+0530 (IST): PATCH /todos/5961273747282c06f821e357
Sun Jul 09 2017 00:10:59 GMT+0530 (IST): PATCH /todos/5961273b47282c06f821e35b
Sun Jul 09 2017 00:10:59 GMT+0530 (IST): PATCH /todos/123abc
Sun Jul 09 2017 00:10:59 GMT+0530 (IST): GET /users/me
Sun Jul 09 2017 00:10:59 GMT+0530 (IST): GET /users/me
Sun Jul 09 2017 00:11:00 GMT+0530 (IST): POST /users
Sun Jul 09 2017 00:11:00 GMT+0530 (IST): POST /users
Sun Jul 09 2017 00:11:00 GMT+0530 (IST): POST /users
Sun Jul 09 2017 00:11:00 GMT+0530 (IST): POST /users/login
Sun Jul 09 2017 00:11:01 GMT+0530 (IST): POST /users/login
Sun Jul 09 2017 00:11:01 GMT+0530 (IST): DELETE /users/me/token
Sun Jul 09 2017 00:12:23 GMT+0530 (IST): POST /todos
Sun Jul 09 2017 00:12:23 GMT+0530 (IST): POST /todos
Sun Jul 09 2017 00:12:23 GMT+0530 (IST): GET /todos
Sun Jul 09 2017 00:12:23 GMT+0530 (IST): GET /todos/5961278e90d657070a83a311
Sun Jul 09 2017 00:12:24 GMT+0530 (IST): GET /todos/5961278e90d657070a83a312
Sun Jul 09 2017 00:12:24 GMT+0530 (IST): GET /todos/5961279090d657070a83a313
Sun Jul 09 2017 00:12:24 GMT+0530 (IST): GET /todos/123abc
Sun Jul 09 2017 00:12:24 GMT+0530 (IST): DELETE /todos/5961278e90d657070a83a312
Sun Jul 09 2017 00:12:24 GMT+0530 (IST): DELETE /todos/5961278e90d657070a83a311
Sun Jul 09 2017 00:12:25 GMT+0530 (IST): DELETE /todos/5961279190d657070a83a314
Sun Jul 09 2017 00:12:25 GMT+0530 (IST): DELETE /todos/123abc
Sun Jul 09 2017 00:12:25 GMT+0530 (IST): PATCH /todos/5961278e90d657070a83a311
Sun Jul 09 2017 00:12:25 GMT+0530 (IST): PATCH /todos/5961278e90d657070a83a312
Sun Jul 09 2017 00:12:26 GMT+0530 (IST): PATCH /todos/5961278e90d657070a83a311
Sun Jul 09 2017 00:12:26 GMT+0530 (IST): PATCH /todos/5961279290d657070a83a315
Sun Jul 09 2017 00:12:26 GMT+0530 (IST): PATCH /todos/123abc
Sun Jul 09 2017 00:12:26 GMT+0530 (IST): GET /users/me
Sun Jul 09 2017 00:12:26 GMT+0530 (IST): GET /users/me
Sun Jul 09 2017 00:12:27 GMT+0530 (IST): POST /users
Sun Jul 09 2017 00:12:27 GMT+0530 (IST): POST /users
Sun Jul 09 2017 00:12:27 GMT+0530 (IST): POST /users
Sun Jul 09 2017 00:12:27 GMT+0530 (IST): POST /users/login
Sun Jul 09 2017 00:12:28 GMT+0530 (IST): POST /users/login
Sun Jul 09 2017 00:12:28 GMT+0530 (IST): DELETE /users/me/token
Sun Jul 09 2017 00:13:28 GMT+0530 (IST): POST /todos
Sun Jul 09 2017 00:13:28 GMT+0530 (IST): POST /todos
Sun Jul 09 2017 00:13:28 GMT+0530 (IST): GET /todos
Sun Jul 09 2017 00:13:29 GMT+0530 (IST): GET /todos/596127cf8844b30729154c95
Sun Jul 09 2017 00:13:29 GMT+0530 (IST): GET /todos/596127cf8844b30729154c96
Sun Jul 09 2017 00:13:29 GMT+0530 (IST): GET /todos/596127d18844b30729154c97
Sun Jul 09 2017 00:13:29 GMT+0530 (IST): GET /todos/123abc
Sun Jul 09 2017 00:13:29 GMT+0530 (IST): DELETE /todos/596127cf8844b30729154c96
Sun Jul 09 2017 00:13:30 GMT+0530 (IST): DELETE /todos/596127cf8844b30729154c95
Sun Jul 09 2017 00:13:30 GMT+0530 (IST): DELETE /todos/596127d28844b30729154c98
Sun Jul 09 2017 00:13:30 GMT+0530 (IST): DELETE /todos/123abc
Sun Jul 09 2017 00:13:30 GMT+0530 (IST): PATCH /todos/596127cf8844b30729154c95
Sun Jul 09 2017 00:13:30 GMT+0530 (IST): PATCH /todos/596127cf8844b30729154c96
Sun Jul 09 2017 00:13:31 GMT+0530 (IST): PATCH /todos/596127cf8844b30729154c95
Sun Jul 09 2017 00:13:31 GMT+0530 (IST): PATCH /todos/596127d38844b30729154c99
Sun Jul 09 2017 00:13:31 GMT+0530 (IST): PATCH /todos/123abc
Sun Jul 09 2017 00:13:31 GMT+0530 (IST): GET /users/me
Sun Jul 09 2017 00:13:32 GMT+0530 (IST): GET /users/me
Sun Jul 09 2017 00:13:32 GMT+0530 (IST): POST /users
Sun Jul 09 2017 00:13:32 GMT+0530 (IST): POST /users
Sun Jul 09 2017 00:13:32 GMT+0530 (IST): POST /users
Sun Jul 09 2017 00:13:33 GMT+0530 (IST): POST /users/login
Sun Jul 09 2017 00:13:33 GMT+0530 (IST): POST /users/login
Sun Jul 09 2017 00:13:33 GMT+0530 (IST): DELETE /users/me/token
Sun Jul 09 2017 00:14:07 GMT+0530 (IST): POST /todos
Sun Jul 09 2017 00:14:07 GMT+0530 (IST): POST /todos
Sun Jul 09 2017 00:14:07 GMT+0530 (IST): GET /todos
Sun Jul 09 2017 00:14:07 GMT+0530 (IST): GET /todos/596127f6b1b032073de2b5ec
Sun Jul 09 2017 00:14:08 GMT+0530 (IST): GET /todos/596127f6b1b032073de2b5ed
Sun Jul 09 2017 00:14:08 GMT+0530 (IST): GET /todos/596127f8b1b032073de2b5ee
Sun Jul 09 2017 00:14:08 GMT+0530 (IST): GET /todos/123abc
Sun Jul 09 2017 00:14:08 GMT+0530 (IST): DELETE /todos/596127f6b1b032073de2b5ed
Sun Jul 09 2017 00:14:08 GMT+0530 (IST): DELETE /todos/596127f6b1b032073de2b5ec
Sun Jul 09 2017 00:14:09 GMT+0530 (IST): DELETE /todos/596127f9b1b032073de2b5ef
Sun Jul 09 2017 00:14:09 GMT+0530 (IST): DELETE /todos/123abc
Sun Jul 09 2017 00:14:09 GMT+0530 (IST): PATCH /todos/596127f6b1b032073de2b5ec
Sun Jul 09 2017 00:14:09 GMT+0530 (IST): PATCH /todos/596127f6b1b032073de2b5ed
Sun Jul 09 2017 00:14:10 GMT+0530 (IST): PATCH /todos/596127f6b1b032073de2b5ec
Sun Jul 09 2017 00:14:10 GMT+0530 (IST): PATCH /todos/596127fab1b032073de2b5f0
Sun Jul 09 2017 00:14:10 GMT+0530 (IST): PATCH /todos/123abc
Sun Jul 09 2017 00:14:10 GMT+0530 (IST): GET /users/me
Sun Jul 09 2017 00:14:10 GMT+0530 (IST): GET /users/me
Sun Jul 09 2017 00:14:11 GMT+0530 (IST): POST /users
Sun Jul 09 2017 00:14:11 GMT+0530 (IST): POST /users
Sun Jul 09 2017 00:14:11 GMT+0530 (IST): POST /users
Sun Jul 09 2017 00:14:11 GMT+0530 (IST): POST /users/login
Sun Jul 09 2017 00:14:12 GMT+0530 (IST): POST /users/login
Sun Jul 09 2017 00:14:12 GMT+0530 (IST): DELETE /users/me/token
Sun Jul 09 2017 00:27:58 GMT+0530 (IST): POST /todos
Sun Jul 09 2017 00:27:59 GMT+0530 (IST): POST /todos
Sun Jul 09 2017 00:27:59 GMT+0530 (IST): GET /todos
Sun Jul 09 2017 00:27:59 GMT+0530 (IST): GET /todos/59612b36dfe2ee085c10a101
Sun Jul 09 2017 00:27:59 GMT+0530 (IST): GET /todos/59612b36dfe2ee085c10a102
Sun Jul 09 2017 00:28:00 GMT+0530 (IST): GET /todos/59612b38dfe2ee085c10a103
Sun Jul 09 2017 00:28:00 GMT+0530 (IST): GET /todos/123abc
Sun Jul 09 2017 00:28:00 GMT+0530 (IST): DELETE /todos/59612b36dfe2ee085c10a102
Sun Jul 09 2017 00:28:00 GMT+0530 (IST): DELETE /todos/59612b36dfe2ee085c10a101
Sun Jul 09 2017 00:28:01 GMT+0530 (IST): DELETE /todos/59612b39dfe2ee085c10a104
Sun Jul 09 2017 00:28:01 GMT+0530 (IST): DELETE /todos/123abc
Sun Jul 09 2017 00:28:01 GMT+0530 (IST): PATCH /todos/59612b36dfe2ee085c10a101
Sun Jul 09 2017 00:28:01 GMT+0530 (IST): PATCH /todos/59612b36dfe2ee085c10a102
Sun Jul 09 2017 00:28:02 GMT+0530 (IST): PATCH /todos/59612b36dfe2ee085c10a101
Sun Jul 09 2017 00:28:02 GMT+0530 (IST): PATCH /todos/59612b3adfe2ee085c10a105
Sun Jul 09 2017 00:28:02 GMT+0530 (IST): PATCH /todos/123abc
Sun Jul 09 2017 00:28:02 GMT+0530 (IST): GET /users/me
Sun Jul 09 2017 00:28:02 GMT+0530 (IST): GET /users/me
Sun Jul 09 2017 00:28:03 GMT+0530 (IST): POST /users
Sun Jul 09 2017 00:28:03 GMT+0530 (IST): POST /users
Sun Jul 09 2017 00:28:03 GMT+0530 (IST): POST /users
Sun Jul 09 2017 00:28:04 GMT+0530 (IST): POST /users/login
Sun Jul 09 2017 00:28:04 GMT+0530 (IST): POST /users/login
Sun Jul 09 2017 00:28:04 GMT+0530 (IST): DELETE /users/me/token
